<?xml version="1.0" encoding="UTF-8"?>
<testsuites>
  <testsuite name="" tests="50" assertions="88" errors="1" warnings="0" failures="0" skipped="0" time="1.799448">
    <testsuite name="Project default Test Suite" tests="50" assertions="88" errors="1" warnings="0" failures="0" skipped="0" time="1.799448">
      <testsuite name="App\Tests\MediaTest" file="/Users/alexandrewotawa/code/awotawa/AtypikHouse/Backend/tests/Entity/MediaTest.php" tests="5" assertions="5" errors="0" warnings="0" failures="0" skipped="0" time="0.763651">
        <testcase name="testValidMedia" class="App\Tests\MediaTest" classname="App.Tests.MediaTest" file="/Users/alexandrewotawa/code/awotawa/AtypikHouse/Backend/tests/Entity/MediaTest.php" line="53" assertions="1" time="0.754340"/>
        <testcase name="testGetIdMedia" class="App\Tests\MediaTest" classname="App.Tests.MediaTest" file="/Users/alexandrewotawa/code/awotawa/AtypikHouse/Backend/tests/Entity/MediaTest.php" line="59" assertions="1" time="0.004342"/>
        <testcase name="testGetLinkMedia" class="App\Tests\MediaTest" classname="App.Tests.MediaTest" file="/Users/alexandrewotawa/code/awotawa/AtypikHouse/Backend/tests/Entity/MediaTest.php" line="65" assertions="1" time="0.001784"/>
        <testcase name="testGetMediaTypeMedia" class="App\Tests\MediaTest" classname="App.Tests.MediaTest" file="/Users/alexandrewotawa/code/awotawa/AtypikHouse/Backend/tests/Entity/MediaTest.php" line="71" assertions="1" time="0.001415"/>
        <testcase name="testGetLodgingIdMedia" class="App\Tests\MediaTest" classname="App.Tests.MediaTest" file="/Users/alexandrewotawa/code/awotawa/AtypikHouse/Backend/tests/Entity/MediaTest.php" line="77" assertions="1" time="0.001769"/>
      </testsuite>
      <testsuite name="App\Tests\MessageTest" file="/Users/alexandrewotawa/code/awotawa/AtypikHouse/Backend/tests/Entity/MessageTest.php" tests="7" assertions="7" errors="0" warnings="0" failures="0" skipped="0" time="0.054690">
        <testcase name="testValidMessage" class="App\Tests\MessageTest" classname="App.Tests.MessageTest" file="/Users/alexandrewotawa/code/awotawa/AtypikHouse/Backend/tests/Entity/MessageTest.php" line="51" assertions="1" time="0.041832"/>
        <testcase name="testGetIdMessage" class="App\Tests\MessageTest" classname="App.Tests.MessageTest" file="/Users/alexandrewotawa/code/awotawa/AtypikHouse/Backend/tests/Entity/MessageTest.php" line="57" assertions="1" time="0.001719"/>
        <testcase name="testGetMessageContentMessage" class="App\Tests\MessageTest" classname="App.Tests.MessageTest" file="/Users/alexandrewotawa/code/awotawa/AtypikHouse/Backend/tests/Entity/MessageTest.php" line="63" assertions="1" time="0.001441"/>
        <testcase name="testGetCreatedAtMessage" class="App\Tests\MessageTest" classname="App.Tests.MessageTest" file="/Users/alexandrewotawa/code/awotawa/AtypikHouse/Backend/tests/Entity/MessageTest.php" line="69" assertions="1" time="0.004189"/>
        <testcase name="testGetUpdatedAtMessage" class="App\Tests\MessageTest" classname="App.Tests.MessageTest" file="/Users/alexandrewotawa/code/awotawa/AtypikHouse/Backend/tests/Entity/MessageTest.php" line="76" assertions="1" time="0.001276"/>
        <testcase name="testGetUserIdMessage" class="App\Tests\MessageTest" classname="App.Tests.MessageTest" file="/Users/alexandrewotawa/code/awotawa/AtypikHouse/Backend/tests/Entity/MessageTest.php" line="83" assertions="1" time="0.002077"/>
        <testcase name="testGetOwnerIdMessage" class="App\Tests\MessageTest" classname="App.Tests.MessageTest" file="/Users/alexandrewotawa/code/awotawa/AtypikHouse/Backend/tests/Entity/MessageTest.php" line="89" assertions="1" time="0.002157"/>
      </testsuite>
      <testsuite name="App\Tests\OwnerTest" file="/Users/alexandrewotawa/code/awotawa/AtypikHouse/Backend/tests/Entity/OwnerTest.php" tests="3" assertions="3" errors="0" warnings="0" failures="0" skipped="0" time="0.023068">
        <testcase name="testValidOwner" class="App\Tests\OwnerTest" classname="App.Tests.OwnerTest" file="/Users/alexandrewotawa/code/awotawa/AtypikHouse/Backend/tests/Entity/OwnerTest.php" line="34" assertions="1" time="0.019692"/>
        <testcase name="testGetIdOwner" class="App\Tests\OwnerTest" classname="App.Tests.OwnerTest" file="/Users/alexandrewotawa/code/awotawa/AtypikHouse/Backend/tests/Entity/OwnerTest.php" line="40" assertions="1" time="0.001499"/>
        <testcase name="testGetUserIdOwner" class="App\Tests\OwnerTest" classname="App.Tests.OwnerTest" file="/Users/alexandrewotawa/code/awotawa/AtypikHouse/Backend/tests/Entity/OwnerTest.php" line="46" assertions="1" time="0.001877"/>
      </testsuite>
      <testsuite name="App\Tests\ReservationTest" file="/Users/alexandrewotawa/code/awotawa/AtypikHouse/Backend/tests/Entity/ReservationTest.php" tests="10" assertions="9" errors="1" warnings="0" failures="0" skipped="0" time="0.028773">
        <testcase name="testValidMessage" class="App\Tests\ReservationTest" classname="App.Tests.ReservationTest" file="/Users/alexandrewotawa/code/awotawa/AtypikHouse/Backend/tests/Entity/ReservationTest.php" line="58" assertions="0" time="0.014673">
          <error type="PHPUnit\Framework\Error\Warning">App\Tests\ReservationTest::testValidMessage
Undefined property: App\Tests\ReservationTest::$message

/Users/alexandrewotawa/code/awotawa/AtypikHouse/Backend/tests/Entity/ReservationTest.php:60</error>
        </testcase>
        <testcase name="testGetIdReservation" class="App\Tests\ReservationTest" classname="App.Tests.ReservationTest" file="/Users/alexandrewotawa/code/awotawa/AtypikHouse/Backend/tests/Entity/ReservationTest.php" line="64" assertions="1" time="0.001385"/>
        <testcase name="testGetPriceMessage" class="App\Tests\ReservationTest" classname="App.Tests.ReservationTest" file="/Users/alexandrewotawa/code/awotawa/AtypikHouse/Backend/tests/Entity/ReservationTest.php" line="70" assertions="1" time="0.001362"/>
        <testcase name="testGetStartDateReservation" class="App\Tests\ReservationTest" classname="App.Tests.ReservationTest" file="/Users/alexandrewotawa/code/awotawa/AtypikHouse/Backend/tests/Entity/ReservationTest.php" line="78" assertions="1" time="0.001531"/>
        <testcase name="testGetEndDateReservation" class="App\Tests\ReservationTest" classname="App.Tests.ReservationTest" file="/Users/alexandrewotawa/code/awotawa/AtypikHouse/Backend/tests/Entity/ReservationTest.php" line="84" assertions="1" time="0.002101"/>
        <testcase name="testGetPaidReservation" class="App\Tests\ReservationTest" classname="App.Tests.ReservationTest" file="/Users/alexandrewotawa/code/awotawa/AtypikHouse/Backend/tests/Entity/ReservationTest.php" line="91" assertions="1" time="0.001667"/>
        <testcase name="testGetCreatedAtReservation" class="App\Tests\ReservationTest" classname="App.Tests.ReservationTest" file="/Users/alexandrewotawa/code/awotawa/AtypikHouse/Backend/tests/Entity/ReservationTest.php" line="98" assertions="1" time="0.001430"/>
        <testcase name="testGetUpdatedAtReservation" class="App\Tests\ReservationTest" classname="App.Tests.ReservationTest" file="/Users/alexandrewotawa/code/awotawa/AtypikHouse/Backend/tests/Entity/ReservationTest.php" line="105" assertions="1" time="0.001526"/>
        <testcase name="testGetUserIdReservation" class="App\Tests\ReservationTest" classname="App.Tests.ReservationTest" file="/Users/alexandrewotawa/code/awotawa/AtypikHouse/Backend/tests/Entity/ReservationTest.php" line="113" assertions="1" time="0.001640"/>
        <testcase name="testGetLodgingIdReservation" class="App\Tests\ReservationTest" classname="App.Tests.ReservationTest" file="/Users/alexandrewotawa/code/awotawa/AtypikHouse/Backend/tests/Entity/ReservationTest.php" line="120" assertions="1" time="0.001459"/>
      </testsuite>
      <testsuite name="App\Tests\UserTest" file="/Users/alexandrewotawa/code/awotawa/AtypikHouse/Backend/tests/Entity/UserTest.php" tests="25" assertions="64" errors="0" warnings="0" failures="0" skipped="0" time="0.929266">
        <testcase name="testValidUser" class="App\Tests\UserTest" classname="App.Tests.UserTest" file="/Users/alexandrewotawa/code/awotawa/AtypikHouse/Backend/tests/Entity/UserTest.php" line="31" assertions="1" time="0.072936"/>
        <testcase name="testGetIdUser" class="App\Tests\UserTest" classname="App.Tests.UserTest" file="/Users/alexandrewotawa/code/awotawa/AtypikHouse/Backend/tests/Entity/UserTest.php" line="38" assertions="1" time="0.001057"/>
        <testcase name="testFirstNameBlankUser" class="App\Tests\UserTest" classname="App.Tests.UserTest" file="/Users/alexandrewotawa/code/awotawa/AtypikHouse/Backend/tests/Entity/UserTest.php" line="45" assertions="6" time="0.098752"/>
        <testcase name="testFirstNameWrongTypeUser" class="App\Tests\UserTest" classname="App.Tests.UserTest" file="/Users/alexandrewotawa/code/awotawa/AtypikHouse/Backend/tests/Entity/UserTest.php" line="52" assertions="3" time="0.039361"/>
        <testcase name="testFirstNameTooShortUser" class="App\Tests\UserTest" classname="App.Tests.UserTest" file="/Users/alexandrewotawa/code/awotawa/AtypikHouse/Backend/tests/Entity/UserTest.php" line="58" assertions="3" time="0.038536"/>
        <testcase name="testFirstNameTooLongUser" class="App\Tests\UserTest" classname="App.Tests.UserTest" file="/Users/alexandrewotawa/code/awotawa/AtypikHouse/Backend/tests/Entity/UserTest.php" line="64" assertions="3" time="0.038656"/>
        <testcase name="testFirstNameWrongCharacterUser" class="App\Tests\UserTest" classname="App.Tests.UserTest" file="/Users/alexandrewotawa/code/awotawa/AtypikHouse/Backend/tests/Entity/UserTest.php" line="70" assertions="3" time="0.046702"/>
        <testcase name="testGetFirstNameUser" class="App\Tests\UserTest" classname="App.Tests.UserTest" file="/Users/alexandrewotawa/code/awotawa/AtypikHouse/Backend/tests/Entity/UserTest.php" line="75" assertions="1" time="0.001180"/>
        <testcase name="testLastNameBlankUser" class="App\Tests\UserTest" classname="App.Tests.UserTest" file="/Users/alexandrewotawa/code/awotawa/AtypikHouse/Backend/tests/Entity/UserTest.php" line="82" assertions="6" time="0.091073"/>
        <testcase name="testLastNameWrongTypeUser" class="App\Tests\UserTest" classname="App.Tests.UserTest" file="/Users/alexandrewotawa/code/awotawa/AtypikHouse/Backend/tests/Entity/UserTest.php" line="89" assertions="3" time="0.046068"/>
        <testcase name="testLastNameTooShortUser" class="App\Tests\UserTest" classname="App.Tests.UserTest" file="/Users/alexandrewotawa/code/awotawa/AtypikHouse/Backend/tests/Entity/UserTest.php" line="95" assertions="3" time="0.043204"/>
        <testcase name="testLastNameTooLongUser" class="App\Tests\UserTest" classname="App.Tests.UserTest" file="/Users/alexandrewotawa/code/awotawa/AtypikHouse/Backend/tests/Entity/UserTest.php" line="101" assertions="3" time="0.045661"/>
        <testcase name="testLastNameWrongCharacterUser" class="App\Tests\UserTest" classname="App.Tests.UserTest" file="/Users/alexandrewotawa/code/awotawa/AtypikHouse/Backend/tests/Entity/UserTest.php" line="107" assertions="3" time="0.044776"/>
        <testcase name="testGetLastNameUser" class="App\Tests\UserTest" classname="App.Tests.UserTest" file="/Users/alexandrewotawa/code/awotawa/AtypikHouse/Backend/tests/Entity/UserTest.php" line="112" assertions="1" time="0.001065"/>
        <testcase name="testEmailBlankUser" class="App\Tests\UserTest" classname="App.Tests.UserTest" file="/Users/alexandrewotawa/code/awotawa/AtypikHouse/Backend/tests/Entity/UserTest.php" line="119" assertions="3" time="0.044824"/>
        <testcase name="testEmailWrongPatternUser" class="App\Tests\UserTest" classname="App.Tests.UserTest" file="/Users/alexandrewotawa/code/awotawa/AtypikHouse/Backend/tests/Entity/UserTest.php" line="124" assertions="3" time="0.039577"/>
        <testcase name="testGetEmailUser" class="App\Tests\UserTest" classname="App.Tests.UserTest" file="/Users/alexandrewotawa/code/awotawa/AtypikHouse/Backend/tests/Entity/UserTest.php" line="129" assertions="1" time="0.001139"/>
        <testcase name="testPasswordBlankUser" class="App\Tests\UserTest" classname="App.Tests.UserTest" file="/Users/alexandrewotawa/code/awotawa/AtypikHouse/Backend/tests/Entity/UserTest.php" line="136" assertions="6" time="0.090418"/>
        <testcase name="testPasswordTooShortUser" class="App\Tests\UserTest" classname="App.Tests.UserTest" file="/Users/alexandrewotawa/code/awotawa/AtypikHouse/Backend/tests/Entity/UserTest.php" line="142" assertions="3" time="0.047037"/>
        <testcase name="testPhotoBlankUser" class="App\Tests\UserTest" classname="App.Tests.UserTest" file="/Users/alexandrewotawa/code/awotawa/AtypikHouse/Backend/tests/Entity/UserTest.php" line="149" assertions="1" time="0.044603"/>
        <testcase name="testPhotoWrongFormatUser" class="App\Tests\UserTest" classname="App.Tests.UserTest" file="/Users/alexandrewotawa/code/awotawa/AtypikHouse/Backend/tests/Entity/UserTest.php" line="154" assertions="3" time="0.047789"/>
        <testcase name="testGetPhotoUser" class="App\Tests\UserTest" classname="App.Tests.UserTest" file="/Users/alexandrewotawa/code/awotawa/AtypikHouse/Backend/tests/Entity/UserTest.php" line="159" assertions="1" time="0.001064"/>
        <testcase name="testGetUserIdentifierUser" class="App\Tests\UserTest" classname="App.Tests.UserTest" file="/Users/alexandrewotawa/code/awotawa/AtypikHouse/Backend/tests/Entity/UserTest.php" line="165" assertions="1" time="0.001176"/>
        <testcase name="testGetRolesUser" class="App\Tests\UserTest" classname="App.Tests.UserTest" file="/Users/alexandrewotawa/code/awotawa/AtypikHouse/Backend/tests/Entity/UserTest.php" line="171" assertions="1" time="0.001201"/>
        <testcase name="testGetPasswordUser" class="App\Tests\UserTest" classname="App.Tests.UserTest" file="/Users/alexandrewotawa/code/awotawa/AtypikHouse/Backend/tests/Entity/UserTest.php" line="177" assertions="1" time="0.001410"/>
      </testsuite>
    </testsuite>
  </testsuite>
</testsuites>
