<?xml version="1.0" encoding="UTF-8"?>
<testsuites>
  <testsuite name="" tests="17" assertions="56" errors="0" warnings="0" failures="0" skipped="0" time="1.268781">
    <testsuite name="Project default Test Suite" tests="17" assertions="56" errors="0" warnings="0" failures="0" skipped="0" time="1.268781">
      <testsuite name="App\Tests\UserTest" file="/Users/alexandrewotawa/code/awotawa/AtypikHouse/Backend/tests/Entity/UserTest.php" tests="17" assertions="56" errors="0" warnings="0" failures="0" skipped="0" time="1.268781">
        <testcase name="testValidUser" class="App\Tests\UserTest" classname="App.Tests.UserTest" file="/Users/alexandrewotawa/code/awotawa/AtypikHouse/Backend/tests/Entity/UserTest.php" line="30" assertions="1" time="0.526876"/>
        <testcase name="testFirstNameBlankUser" class="App\Tests\UserTest" classname="App.Tests.UserTest" file="/Users/alexandrewotawa/code/awotawa/AtypikHouse/Backend/tests/Entity/UserTest.php" line="37" assertions="6" time="0.087636"/>
        <testcase name="testFirstNameWrongTypeUser" class="App\Tests\UserTest" classname="App.Tests.UserTest" file="/Users/alexandrewotawa/code/awotawa/AtypikHouse/Backend/tests/Entity/UserTest.php" line="44" assertions="3" time="0.044409"/>
        <testcase name="testFirstNameTooShortUser" class="App\Tests\UserTest" classname="App.Tests.UserTest" file="/Users/alexandrewotawa/code/awotawa/AtypikHouse/Backend/tests/Entity/UserTest.php" line="50" assertions="3" time="0.039526"/>
        <testcase name="testFirstNameTooLongUser" class="App\Tests\UserTest" classname="App.Tests.UserTest" file="/Users/alexandrewotawa/code/awotawa/AtypikHouse/Backend/tests/Entity/UserTest.php" line="56" assertions="3" time="0.040550"/>
        <testcase name="testFirstNameWrongCharacterUser" class="App\Tests\UserTest" classname="App.Tests.UserTest" file="/Users/alexandrewotawa/code/awotawa/AtypikHouse/Backend/tests/Entity/UserTest.php" line="62" assertions="3" time="0.037359"/>
        <testcase name="testLastNameBlankUser" class="App\Tests\UserTest" classname="App.Tests.UserTest" file="/Users/alexandrewotawa/code/awotawa/AtypikHouse/Backend/tests/Entity/UserTest.php" line="69" assertions="6" time="0.067945"/>
        <testcase name="testLastNameWrongTypeUser" class="App\Tests\UserTest" classname="App.Tests.UserTest" file="/Users/alexandrewotawa/code/awotawa/AtypikHouse/Backend/tests/Entity/UserTest.php" line="76" assertions="3" time="0.036198"/>
        <testcase name="testLastNameTooShortUser" class="App\Tests\UserTest" classname="App.Tests.UserTest" file="/Users/alexandrewotawa/code/awotawa/AtypikHouse/Backend/tests/Entity/UserTest.php" line="82" assertions="3" time="0.036339"/>
        <testcase name="testLastNameTooLongUser" class="App\Tests\UserTest" classname="App.Tests.UserTest" file="/Users/alexandrewotawa/code/awotawa/AtypikHouse/Backend/tests/Entity/UserTest.php" line="88" assertions="3" time="0.036851"/>
        <testcase name="testLastNameWrongCharacterUser" class="App\Tests\UserTest" classname="App.Tests.UserTest" file="/Users/alexandrewotawa/code/awotawa/AtypikHouse/Backend/tests/Entity/UserTest.php" line="94" assertions="3" time="0.036603"/>
        <testcase name="testEmailBlankUser" class="App\Tests\UserTest" classname="App.Tests.UserTest" file="/Users/alexandrewotawa/code/awotawa/AtypikHouse/Backend/tests/Entity/UserTest.php" line="101" assertions="3" time="0.038227"/>
        <testcase name="testEmailWrongPatternUser" class="App\Tests\UserTest" classname="App.Tests.UserTest" file="/Users/alexandrewotawa/code/awotawa/AtypikHouse/Backend/tests/Entity/UserTest.php" line="106" assertions="3" time="0.035579"/>
        <testcase name="testPasswordBlankUser" class="App\Tests\UserTest" classname="App.Tests.UserTest" file="/Users/alexandrewotawa/code/awotawa/AtypikHouse/Backend/tests/Entity/UserTest.php" line="113" assertions="6" time="0.070861"/>
        <testcase name="testPasswordTooShortUser" class="App\Tests\UserTest" classname="App.Tests.UserTest" file="/Users/alexandrewotawa/code/awotawa/AtypikHouse/Backend/tests/Entity/UserTest.php" line="119" assertions="3" time="0.041104"/>
        <testcase name="testPhotoBlankUser" class="App\Tests\UserTest" classname="App.Tests.UserTest" file="/Users/alexandrewotawa/code/awotawa/AtypikHouse/Backend/tests/Entity/UserTest.php" line="126" assertions="1" time="0.044796"/>
        <testcase name="testPhotoWrongFormatUser" class="App\Tests\UserTest" classname="App.Tests.UserTest" file="/Users/alexandrewotawa/code/awotawa/AtypikHouse/Backend/tests/Entity/UserTest.php" line="131" assertions="3" time="0.047922"/>
      </testsuite>
    </testsuite>
  </testsuite>
</testsuites>
