<?xml version="1.0" encoding="UTF-8"?>
<testsuites>
  <testsuite name="" tests="115" assertions="218" errors="0" warnings="0" failures="0" skipped="0" time="1.303994">
    <testsuite name="Project default Test Suite" tests="115" assertions="218" errors="0" warnings="0" failures="0" skipped="0" time="1.303994">
      <testsuite name="App\Tests\CategoryTest" file="C:\Users\user\OneDrive\jhessy\IF2I\Projet de fin d'année\Projet AtypikHouse\AtypikHouse\Backend\tests\Entity\CategoryTest.php" tests="7" assertions="11" errors="0" warnings="0" failures="0" skipped="0" time="0.245888">
        <testcase name="testValidCategory" class="App\Tests\CategoryTest" classname="App.Tests.CategoryTest" file="C:\Users\user\OneDrive\jhessy\IF2I\Projet de fin d'année\Projet AtypikHouse\AtypikHouse\Backend\tests\Entity\CategoryTest.php" line="26" assertions="1" time="0.227098"/>
        <testcase name="testGetIdReview" class="App\Tests\CategoryTest" classname="App.Tests.CategoryTest" file="C:\Users\user\OneDrive\jhessy\IF2I\Projet de fin d'année\Projet AtypikHouse\AtypikHouse\Backend\tests\Entity\CategoryTest.php" line="34" assertions="1" time="0.000696"/>
        <testcase name="testTypeTooLongCategory" class="App\Tests\CategoryTest" classname="App.Tests.CategoryTest" file="C:\Users\user\OneDrive\jhessy\IF2I\Projet de fin d'année\Projet AtypikHouse\AtypikHouse\Backend\tests\Entity\CategoryTest.php" line="44" assertions="3" time="0.010584"/>
        <testcase name="testTypeWrongCharacterCategory" class="App\Tests\CategoryTest" classname="App.Tests.CategoryTest" file="C:\Users\user\OneDrive\jhessy\IF2I\Projet de fin d'année\Projet AtypikHouse\AtypikHouse\Backend\tests\Entity\CategoryTest.php" line="50" assertions="3" time="0.006329"/>
        <testcase name="testGetTypeCategory" class="App\Tests\CategoryTest" classname="App.Tests.CategoryTest" file="C:\Users\user\OneDrive\jhessy\IF2I\Projet de fin d'année\Projet AtypikHouse\AtypikHouse\Backend\tests\Entity\CategoryTest.php" line="56" assertions="1" time="0.000199"/>
        <testcase name="testGetCreatedAtCategory" class="App\Tests\CategoryTest" classname="App.Tests.CategoryTest" file="C:\Users\user\OneDrive\jhessy\IF2I\Projet de fin d'année\Projet AtypikHouse\AtypikHouse\Backend\tests\Entity\CategoryTest.php" line="65" assertions="1" time="0.000816"/>
        <testcase name="testGetUpdatedAtCategory" class="App\Tests\CategoryTest" classname="App.Tests.CategoryTest" file="C:\Users\user\OneDrive\jhessy\IF2I\Projet de fin d'année\Projet AtypikHouse\AtypikHouse\Backend\tests\Entity\CategoryTest.php" line="71" assertions="1" time="0.000165"/>
      </testsuite>
      <testsuite name="App\Tests\LodginTest" file="C:\Users\user\OneDrive\jhessy\IF2I\Projet de fin d'année\Projet AtypikHouse\AtypikHouse\Backend\tests\Entity\LodgingTest.php" tests="22" assertions="52" errors="0" warnings="0" failures="0" skipped="0" time="0.255730">
        <testcase name="testValidLodging" class="App\Tests\LodginTest" classname="App.Tests.LodginTest" file="C:\Users\user\OneDrive\jhessy\IF2I\Projet de fin d'année\Projet AtypikHouse\AtypikHouse\Backend\tests\Entity\LodgingTest.php" line="53" assertions="1" time="0.037037"/>
        <testcase name="testGetIdLodging" class="App\Tests\LodginTest" classname="App.Tests.LodginTest" file="C:\Users\user\OneDrive\jhessy\IF2I\Projet de fin d'année\Projet AtypikHouse\AtypikHouse\Backend\tests\Entity\LodgingTest.php" line="61" assertions="1" time="0.000176"/>
        <testcase name="testGetOwnerIdLodging" class="App\Tests\LodginTest" classname="App.Tests.LodginTest" file="C:\Users\user\OneDrive\jhessy\IF2I\Projet de fin d'année\Projet AtypikHouse\AtypikHouse\Backend\tests\Entity\LodgingTest.php" line="71" assertions="1" time="0.000165"/>
        <testcase name="testGetCategoryIdLodging" class="App\Tests\LodginTest" classname="App.Tests.LodginTest" file="C:\Users\user\OneDrive\jhessy\IF2I\Projet de fin d'année\Projet AtypikHouse\AtypikHouse\Backend\tests\Entity\LodgingTest.php" line="78" assertions="1" time="0.000148"/>
        <testcase name="testNameBlankLodging" class="App\Tests\LodginTest" classname="App.Tests.LodginTest" file="C:\Users\user\OneDrive\jhessy\IF2I\Projet de fin d'année\Projet AtypikHouse\AtypikHouse\Backend\tests\Entity\LodgingTest.php" line="87" assertions="6" time="0.031004"/>
        <testcase name="testNameTooShortLodging" class="App\Tests\LodginTest" classname="App.Tests.LodginTest" file="C:\Users\user\OneDrive\jhessy\IF2I\Projet de fin d'année\Projet AtypikHouse\AtypikHouse\Backend\tests\Entity\LodgingTest.php" line="94" assertions="3" time="0.015570"/>
        <testcase name="testNameTooLongLodging" class="App\Tests\LodginTest" classname="App.Tests.LodginTest" file="C:\Users\user\OneDrive\jhessy\IF2I\Projet de fin d'année\Projet AtypikHouse\AtypikHouse\Backend\tests\Entity\LodgingTest.php" line="101" assertions="3" time="0.014587"/>
        <testcase name="testNameWrongCharacterLodging" class="App\Tests\LodginTest" classname="App.Tests.LodginTest" file="C:\Users\user\OneDrive\jhessy\IF2I\Projet de fin d'année\Projet AtypikHouse\AtypikHouse\Backend\tests\Entity\LodgingTest.php" line="107" assertions="3" time="0.015779"/>
        <testcase name="testGetNameLodging" class="App\Tests\LodginTest" classname="App.Tests.LodginTest" file="C:\Users\user\OneDrive\jhessy\IF2I\Projet de fin d'année\Projet AtypikHouse\AtypikHouse\Backend\tests\Entity\LodgingTest.php" line="113" assertions="1" time="0.000244"/>
        <testcase name="testRateTooShorLodging" class="App\Tests\LodginTest" classname="App.Tests.LodginTest" file="C:\Users\user\OneDrive\jhessy\IF2I\Projet de fin d'année\Projet AtypikHouse\AtypikHouse\Backend\tests\Entity\LodgingTest.php" line="123" assertions="3" time="0.014805"/>
        <testcase name="testRateTooHighLodging" class="App\Tests\LodginTest" classname="App.Tests.LodginTest" file="C:\Users\user\OneDrive\jhessy\IF2I\Projet de fin d'année\Projet AtypikHouse\AtypikHouse\Backend\tests\Entity\LodgingTest.php" line="129" assertions="3" time="0.014989"/>
        <testcase name="testRateNotValideDecimalLodging" class="App\Tests\LodginTest" classname="App.Tests.LodginTest" file="C:\Users\user\OneDrive\jhessy\IF2I\Projet de fin d'année\Projet AtypikHouse\AtypikHouse\Backend\tests\Entity\LodgingTest.php" line="135" assertions="3" time="0.016277"/>
        <testcase name="testGetRateLodging" class="App\Tests\LodginTest" classname="App.Tests.LodginTest" file="C:\Users\user\OneDrive\jhessy\IF2I\Projet de fin d'année\Projet AtypikHouse\AtypikHouse\Backend\tests\Entity\LodgingTest.php" line="141" assertions="1" time="0.000242"/>
        <testcase name="testDescriptionBlankLodging" class="App\Tests\LodginTest" classname="App.Tests.LodginTest" file="C:\Users\user\OneDrive\jhessy\IF2I\Projet de fin d'année\Projet AtypikHouse\AtypikHouse\Backend\tests\Entity\LodgingTest.php" line="152" assertions="6" time="0.029663"/>
        <testcase name="testDescriptionTooLongLodging" class="App\Tests\LodginTest" classname="App.Tests.LodginTest" file="C:\Users\user\OneDrive\jhessy\IF2I\Projet de fin d'année\Projet AtypikHouse\AtypikHouse\Backend\tests\Entity\LodgingTest.php" line="159" assertions="3" time="0.018735"/>
        <testcase name="testDescriptionWrongCharacterLodging" class="App\Tests\LodginTest" classname="App.Tests.LodginTest" file="C:\Users\user\OneDrive\jhessy\IF2I\Projet de fin d'année\Projet AtypikHouse\AtypikHouse\Backend\tests\Entity\LodgingTest.php" line="165" assertions="3" time="0.014560"/>
        <testcase name="testGetDescriptionLodging" class="App\Tests\LodginTest" classname="App.Tests.LodginTest" file="C:\Users\user\OneDrive\jhessy\IF2I\Projet de fin d'année\Projet AtypikHouse\AtypikHouse\Backend\tests\Entity\LodgingTest.php" line="171" assertions="1" time="0.000198"/>
        <testcase name="testAdressBlankLodging" class="App\Tests\LodginTest" classname="App.Tests.LodginTest" file="C:\Users\user\OneDrive\jhessy\IF2I\Projet de fin d'année\Projet AtypikHouse\AtypikHouse\Backend\tests\Entity\LodgingTest.php" line="181" assertions="3" time="0.015520"/>
        <testcase name="testAdressTooLongLodging" class="App\Tests\LodginTest" classname="App.Tests.LodginTest" file="C:\Users\user\OneDrive\jhessy\IF2I\Projet de fin d'année\Projet AtypikHouse\AtypikHouse\Backend\tests\Entity\LodgingTest.php" line="187" assertions="3" time="0.015374"/>
        <testcase name="testGetAdressLodging" class="App\Tests\LodginTest" classname="App.Tests.LodginTest" file="C:\Users\user\OneDrive\jhessy\IF2I\Projet de fin d'année\Projet AtypikHouse\AtypikHouse\Backend\tests\Entity\LodgingTest.php" line="193" assertions="1" time="0.000240"/>
        <testcase name="testGetCreatedAtLodging" class="App\Tests\LodginTest" classname="App.Tests.LodginTest" file="C:\Users\user\OneDrive\jhessy\IF2I\Projet de fin d'année\Projet AtypikHouse\AtypikHouse\Backend\tests\Entity\LodgingTest.php" line="202" assertions="1" time="0.000218"/>
        <testcase name="testGetUpdatedAtLodging" class="App\Tests\LodginTest" classname="App.Tests.LodginTest" file="C:\Users\user\OneDrive\jhessy\IF2I\Projet de fin d'année\Projet AtypikHouse\AtypikHouse\Backend\tests\Entity\LodgingTest.php" line="208" assertions="1" time="0.000199"/>
      </testsuite>
      <testsuite name="App\Tests\LodgingValueTest" file="C:\Users\user\OneDrive\jhessy\IF2I\Projet de fin d'année\Projet AtypikHouse\AtypikHouse\Backend\tests\Entity\LodgingValueTest.php" tests="9" assertions="13" errors="0" warnings="0" failures="0" skipped="0" time="0.035008">
        <testcase name="testValidLodgingValue" class="App\Tests\LodgingValueTest" classname="App.Tests.LodgingValueTest" file="C:\Users\user\OneDrive\jhessy\IF2I\Projet de fin d'année\Projet AtypikHouse\AtypikHouse\Backend\tests\Entity\LodgingValueTest.php" line="68" assertions="1" time="0.015884"/>
        <testcase name="testGetIdLodgingValue" class="App\Tests\LodgingValueTest" classname="App.Tests.LodgingValueTest" file="C:\Users\user\OneDrive\jhessy\IF2I\Projet de fin d'année\Projet AtypikHouse\AtypikHouse\Backend\tests\Entity\LodgingValueTest.php" line="76" assertions="1" time="0.000237"/>
        <testcase name="testGetPropertyIdLodgingValue" class="App\Tests\LodgingValueTest" classname="App.Tests.LodgingValueTest" file="C:\Users\user\OneDrive\jhessy\IF2I\Projet de fin d'année\Projet AtypikHouse\AtypikHouse\Backend\tests\Entity\LodgingValueTest.php" line="85" assertions="1" time="0.000190"/>
        <testcase name="testGetLodgingIdLodgingValue" class="App\Tests\LodgingValueTest" classname="App.Tests.LodgingValueTest" file="C:\Users\user\OneDrive\jhessy\IF2I\Projet de fin d'année\Projet AtypikHouse\AtypikHouse\Backend\tests\Entity\LodgingValueTest.php" line="91" assertions="1" time="0.000239"/>
        <testcase name="testValueTooLongLodgingValue" class="App\Tests\LodgingValueTest" classname="App.Tests.LodgingValueTest" file="C:\Users\user\OneDrive\jhessy\IF2I\Projet de fin d'année\Projet AtypikHouse\AtypikHouse\Backend\tests\Entity\LodgingValueTest.php" line="100" assertions="3" time="0.008999"/>
        <testcase name="testValueWrongCharacterLodgingValue" class="App\Tests\LodgingValueTest" classname="App.Tests.LodgingValueTest" file="C:\Users\user\OneDrive\jhessy\IF2I\Projet de fin d'année\Projet AtypikHouse\AtypikHouse\Backend\tests\Entity\LodgingValueTest.php" line="106" assertions="3" time="0.008852"/>
        <testcase name="testGetValueLodgingValue" class="App\Tests\LodgingValueTest" classname="App.Tests.LodgingValueTest" file="C:\Users\user\OneDrive\jhessy\IF2I\Projet de fin d'année\Projet AtypikHouse\AtypikHouse\Backend\tests\Entity\LodgingValueTest.php" line="112" assertions="1" time="0.000219"/>
        <testcase name="testGetCreatedAtLodgingValue" class="App\Tests\LodgingValueTest" classname="App.Tests.LodgingValueTest" file="C:\Users\user\OneDrive\jhessy\IF2I\Projet de fin d'année\Projet AtypikHouse\AtypikHouse\Backend\tests\Entity\LodgingValueTest.php" line="122" assertions="1" time="0.000208"/>
        <testcase name="testGetUpdatedAtLodgingValue" class="App\Tests\LodgingValueTest" classname="App.Tests.LodgingValueTest" file="C:\Users\user\OneDrive\jhessy\IF2I\Projet de fin d'année\Projet AtypikHouse\AtypikHouse\Backend\tests\Entity\LodgingValueTest.php" line="128" assertions="1" time="0.000181"/>
      </testsuite>
      <testsuite name="App\Tests\MediaTest" file="C:\Users\user\OneDrive\jhessy\IF2I\Projet de fin d'année\Projet AtypikHouse\AtypikHouse\Backend\tests\Entity\MediaTest.php" tests="5" assertions="5" errors="0" warnings="0" failures="0" skipped="0" time="0.012798">
        <testcase name="testValidMedia" class="App\Tests\MediaTest" classname="App.Tests.MediaTest" file="C:\Users\user\OneDrive\jhessy\IF2I\Projet de fin d'année\Projet AtypikHouse\AtypikHouse\Backend\tests\Entity\MediaTest.php" line="53" assertions="1" time="0.012114"/>
        <testcase name="testGetIdMedia" class="App\Tests\MediaTest" classname="App.Tests.MediaTest" file="C:\Users\user\OneDrive\jhessy\IF2I\Projet de fin d'année\Projet AtypikHouse\AtypikHouse\Backend\tests\Entity\MediaTest.php" line="59" assertions="1" time="0.000176"/>
        <testcase name="testGetLinkMedia" class="App\Tests\MediaTest" classname="App.Tests.MediaTest" file="C:\Users\user\OneDrive\jhessy\IF2I\Projet de fin d'année\Projet AtypikHouse\AtypikHouse\Backend\tests\Entity\MediaTest.php" line="65" assertions="1" time="0.000204"/>
        <testcase name="testGetMediaTypeMedia" class="App\Tests\MediaTest" classname="App.Tests.MediaTest" file="C:\Users\user\OneDrive\jhessy\IF2I\Projet de fin d'année\Projet AtypikHouse\AtypikHouse\Backend\tests\Entity\MediaTest.php" line="71" assertions="1" time="0.000165"/>
        <testcase name="testGetLodgingIdMedia" class="App\Tests\MediaTest" classname="App.Tests.MediaTest" file="C:\Users\user\OneDrive\jhessy\IF2I\Projet de fin d'année\Projet AtypikHouse\AtypikHouse\Backend\tests\Entity\MediaTest.php" line="77" assertions="1" time="0.000138"/>
      </testsuite>
      <testsuite name="App\Tests\MessageTest" file="C:\Users\user\OneDrive\jhessy\IF2I\Projet de fin d'année\Projet AtypikHouse\AtypikHouse\Backend\tests\Entity\MessageTest.php" tests="7" assertions="7" errors="0" warnings="0" failures="0" skipped="0" time="0.017827">
        <testcase name="testValidMessage" class="App\Tests\MessageTest" classname="App.Tests.MessageTest" file="C:\Users\user\OneDrive\jhessy\IF2I\Projet de fin d'année\Projet AtypikHouse\AtypikHouse\Backend\tests\Entity\MessageTest.php" line="51" assertions="1" time="0.016681"/>
        <testcase name="testGetIdMessage" class="App\Tests\MessageTest" classname="App.Tests.MessageTest" file="C:\Users\user\OneDrive\jhessy\IF2I\Projet de fin d'année\Projet AtypikHouse\AtypikHouse\Backend\tests\Entity\MessageTest.php" line="57" assertions="1" time="0.000258"/>
        <testcase name="testGetMessageContentMessage" class="App\Tests\MessageTest" classname="App.Tests.MessageTest" file="C:\Users\user\OneDrive\jhessy\IF2I\Projet de fin d'année\Projet AtypikHouse\AtypikHouse\Backend\tests\Entity\MessageTest.php" line="63" assertions="1" time="0.000176"/>
        <testcase name="testGetCreatedAtMessage" class="App\Tests\MessageTest" classname="App.Tests.MessageTest" file="C:\Users\user\OneDrive\jhessy\IF2I\Projet de fin d'année\Projet AtypikHouse\AtypikHouse\Backend\tests\Entity\MessageTest.php" line="69" assertions="1" time="0.000196"/>
        <testcase name="testGetUpdatedAtMessage" class="App\Tests\MessageTest" classname="App.Tests.MessageTest" file="C:\Users\user\OneDrive\jhessy\IF2I\Projet de fin d'année\Projet AtypikHouse\AtypikHouse\Backend\tests\Entity\MessageTest.php" line="76" assertions="1" time="0.000215"/>
        <testcase name="testGetUserIdMessage" class="App\Tests\MessageTest" classname="App.Tests.MessageTest" file="C:\Users\user\OneDrive\jhessy\IF2I\Projet de fin d'année\Projet AtypikHouse\AtypikHouse\Backend\tests\Entity\MessageTest.php" line="83" assertions="1" time="0.000168"/>
        <testcase name="testGetOwnerIdMessage" class="App\Tests\MessageTest" classname="App.Tests.MessageTest" file="C:\Users\user\OneDrive\jhessy\IF2I\Projet de fin d'année\Projet AtypikHouse\AtypikHouse\Backend\tests\Entity\MessageTest.php" line="89" assertions="1" time="0.000133"/>
      </testsuite>
      <testsuite name="App\Tests\OwnerTest" file="C:\Users\user\OneDrive\jhessy\IF2I\Projet de fin d'année\Projet AtypikHouse\AtypikHouse\Backend\tests\Entity\OwnerTest.php" tests="3" assertions="3" errors="0" warnings="0" failures="0" skipped="0" time="0.008167">
        <testcase name="testValidOwner" class="App\Tests\OwnerTest" classname="App.Tests.OwnerTest" file="C:\Users\user\OneDrive\jhessy\IF2I\Projet de fin d'année\Projet AtypikHouse\AtypikHouse\Backend\tests\Entity\OwnerTest.php" line="34" assertions="1" time="0.007834"/>
        <testcase name="testGetIdOwner" class="App\Tests\OwnerTest" classname="App.Tests.OwnerTest" file="C:\Users\user\OneDrive\jhessy\IF2I\Projet de fin d'année\Projet AtypikHouse\AtypikHouse\Backend\tests\Entity\OwnerTest.php" line="40" assertions="1" time="0.000180"/>
        <testcase name="testGetUserIdOwner" class="App\Tests\OwnerTest" classname="App.Tests.OwnerTest" file="C:\Users\user\OneDrive\jhessy\IF2I\Projet de fin d'année\Projet AtypikHouse\AtypikHouse\Backend\tests\Entity\OwnerTest.php" line="46" assertions="1" time="0.000152"/>
      </testsuite>
      <testsuite name="App\Tests\PropertyTest" file="C:\Users\user\OneDrive\jhessy\IF2I\Projet de fin d'année\Projet AtypikHouse\AtypikHouse\Backend\tests\Entity\PropertyTest.php" tests="11" assertions="19" errors="0" warnings="0" failures="0" skipped="0" time="0.051881">
        <testcase name="testValidProperty" class="App\Tests\PropertyTest" classname="App.Tests.PropertyTest" file="C:\Users\user\OneDrive\jhessy\IF2I\Projet de fin d'année\Projet AtypikHouse\AtypikHouse\Backend\tests\Entity\PropertyTest.php" line="34" assertions="1" time="0.015687"/>
        <testcase name="testGetIdProperty" class="App\Tests\PropertyTest" classname="App.Tests.PropertyTest" file="C:\Users\user\OneDrive\jhessy\IF2I\Projet de fin d'année\Projet AtypikHouse\AtypikHouse\Backend\tests\Entity\PropertyTest.php" line="42" assertions="1" time="0.000229"/>
        <testcase name="testGetCategoryIdProperty" class="App\Tests\PropertyTest" classname="App.Tests.PropertyTest" file="C:\Users\user\OneDrive\jhessy\IF2I\Projet de fin d'année\Projet AtypikHouse\AtypikHouse\Backend\tests\Entity\PropertyTest.php" line="51" assertions="1" time="0.000197"/>
        <testcase name="testNewFieldTooLongProperty" class="App\Tests\PropertyTest" classname="App.Tests.PropertyTest" file="C:\Users\user\OneDrive\jhessy\IF2I\Projet de fin d'année\Projet AtypikHouse\AtypikHouse\Backend\tests\Entity\PropertyTest.php" line="61" assertions="3" time="0.008508"/>
        <testcase name="testNewFieldWrongCharacterProperty" class="App\Tests\PropertyTest" classname="App.Tests.PropertyTest" file="C:\Users\user\OneDrive\jhessy\IF2I\Projet de fin d'année\Projet AtypikHouse\AtypikHouse\Backend\tests\Entity\PropertyTest.php" line="67" assertions="3" time="0.008470"/>
        <testcase name="testGetNewFieldProperty" class="App\Tests\PropertyTest" classname="App.Tests.PropertyTest" file="C:\Users\user\OneDrive\jhessy\IF2I\Projet de fin d'année\Projet AtypikHouse\AtypikHouse\Backend\tests\Entity\PropertyTest.php" line="73" assertions="1" time="0.000252"/>
        <testcase name="testDefaultValueTooLongProperty" class="App\Tests\PropertyTest" classname="App.Tests.PropertyTest" file="C:\Users\user\OneDrive\jhessy\IF2I\Projet de fin d'année\Projet AtypikHouse\AtypikHouse\Backend\tests\Entity\PropertyTest.php" line="84" assertions="3" time="0.008825"/>
        <testcase name="testDefaultValueWrongCharacterProperty" class="App\Tests\PropertyTest" classname="App.Tests.PropertyTest" file="C:\Users\user\OneDrive\jhessy\IF2I\Projet de fin d'année\Projet AtypikHouse\AtypikHouse\Backend\tests\Entity\PropertyTest.php" line="90" assertions="3" time="0.009144"/>
        <testcase name="testGetDefaultValueProperty" class="App\Tests\PropertyTest" classname="App.Tests.PropertyTest" file="C:\Users\user\OneDrive\jhessy\IF2I\Projet de fin d'année\Projet AtypikHouse\AtypikHouse\Backend\tests\Entity\PropertyTest.php" line="96" assertions="1" time="0.000197"/>
        <testcase name="testGetCreatedAtProperty" class="App\Tests\PropertyTest" classname="App.Tests.PropertyTest" file="C:\Users\user\OneDrive\jhessy\IF2I\Projet de fin d'année\Projet AtypikHouse\AtypikHouse\Backend\tests\Entity\PropertyTest.php" line="107" assertions="1" time="0.000181"/>
        <testcase name="testGetUpdatedAtProperty" class="App\Tests\PropertyTest" classname="App.Tests.PropertyTest" file="C:\Users\user\OneDrive\jhessy\IF2I\Projet de fin d'année\Projet AtypikHouse\AtypikHouse\Backend\tests\Entity\PropertyTest.php" line="113" assertions="1" time="0.000191"/>
      </testsuite>
      <testsuite name="App\Tests\ReservationTest" file="C:\Users\user\OneDrive\jhessy\IF2I\Projet de fin d'année\Projet AtypikHouse\AtypikHouse\Backend\tests\Entity\ReservationTest.php" tests="10" assertions="10" errors="0" warnings="0" failures="0" skipped="0" time="0.025619">
        <testcase name="testValidReservation" class="App\Tests\ReservationTest" classname="App.Tests.ReservationTest" file="C:\Users\user\OneDrive\jhessy\IF2I\Projet de fin d'année\Projet AtypikHouse\AtypikHouse\Backend\tests\Entity\ReservationTest.php" line="58" assertions="1" time="0.023912"/>
        <testcase name="testGetIdReservation" class="App\Tests\ReservationTest" classname="App.Tests.ReservationTest" file="C:\Users\user\OneDrive\jhessy\IF2I\Projet de fin d'année\Projet AtypikHouse\AtypikHouse\Backend\tests\Entity\ReservationTest.php" line="64" assertions="1" time="0.000347"/>
        <testcase name="testGetPriceMessage" class="App\Tests\ReservationTest" classname="App.Tests.ReservationTest" file="C:\Users\user\OneDrive\jhessy\IF2I\Projet de fin d'année\Projet AtypikHouse\AtypikHouse\Backend\tests\Entity\ReservationTest.php" line="70" assertions="1" time="0.000216"/>
        <testcase name="testGetStartDateReservation" class="App\Tests\ReservationTest" classname="App.Tests.ReservationTest" file="C:\Users\user\OneDrive\jhessy\IF2I\Projet de fin d'année\Projet AtypikHouse\AtypikHouse\Backend\tests\Entity\ReservationTest.php" line="78" assertions="1" time="0.000191"/>
        <testcase name="testGetEndDateReservation" class="App\Tests\ReservationTest" classname="App.Tests.ReservationTest" file="C:\Users\user\OneDrive\jhessy\IF2I\Projet de fin d'année\Projet AtypikHouse\AtypikHouse\Backend\tests\Entity\ReservationTest.php" line="84" assertions="1" time="0.000171"/>
        <testcase name="testGetPaidReservation" class="App\Tests\ReservationTest" classname="App.Tests.ReservationTest" file="C:\Users\user\OneDrive\jhessy\IF2I\Projet de fin d'année\Projet AtypikHouse\AtypikHouse\Backend\tests\Entity\ReservationTest.php" line="91" assertions="1" time="0.000147"/>
        <testcase name="testGetCreatedAtReservation" class="App\Tests\ReservationTest" classname="App.Tests.ReservationTest" file="C:\Users\user\OneDrive\jhessy\IF2I\Projet de fin d'année\Projet AtypikHouse\AtypikHouse\Backend\tests\Entity\ReservationTest.php" line="98" assertions="1" time="0.000166"/>
        <testcase name="testGetUpdatedAtReservation" class="App\Tests\ReservationTest" classname="App.Tests.ReservationTest" file="C:\Users\user\OneDrive\jhessy\IF2I\Projet de fin d'année\Projet AtypikHouse\AtypikHouse\Backend\tests\Entity\ReservationTest.php" line="105" assertions="1" time="0.000164"/>
        <testcase name="testGetUserIdReservation" class="App\Tests\ReservationTest" classname="App.Tests.ReservationTest" file="C:\Users\user\OneDrive\jhessy\IF2I\Projet de fin d'année\Projet AtypikHouse\AtypikHouse\Backend\tests\Entity\ReservationTest.php" line="113" assertions="1" time="0.000143"/>
        <testcase name="testGetLodgingIdReservation" class="App\Tests\ReservationTest" classname="App.Tests.ReservationTest" file="C:\Users\user\OneDrive\jhessy\IF2I\Projet de fin d'année\Projet AtypikHouse\AtypikHouse\Backend\tests\Entity\ReservationTest.php" line="120" assertions="1" time="0.000161"/>
      </testsuite>
      <testsuite name="App\Tests\ReviewTest" file="C:\Users\user\OneDrive\jhessy\IF2I\Projet de fin d'année\Projet AtypikHouse\AtypikHouse\Backend\tests\Entity\ReviewTest.php" tests="16" assertions="34" errors="0" warnings="0" failures="0" skipped="0" time="0.119080">
        <testcase name="testValidReview" class="App\Tests\ReviewTest" classname="App.Tests.ReviewTest" file="C:\Users\user\OneDrive\jhessy\IF2I\Projet de fin d'année\Projet AtypikHouse\AtypikHouse\Backend\tests\Entity\ReviewTest.php" line="64" assertions="1" time="0.021833"/>
        <testcase name="testGetIdReview" class="App\Tests\ReviewTest" classname="App.Tests.ReviewTest" file="C:\Users\user\OneDrive\jhessy\IF2I\Projet de fin d'année\Projet AtypikHouse\AtypikHouse\Backend\tests\Entity\ReviewTest.php" line="72" assertions="1" time="0.000227"/>
        <testcase name="testGetOwnerIdReview" class="App\Tests\ReviewTest" classname="App.Tests.ReviewTest" file="C:\Users\user\OneDrive\jhessy\IF2I\Projet de fin d'année\Projet AtypikHouse\AtypikHouse\Backend\tests\Entity\ReviewTest.php" line="82" assertions="1" time="0.000178"/>
        <testcase name="testGetLodgingIdReview" class="App\Tests\ReviewTest" classname="App.Tests.ReviewTest" file="C:\Users\user\OneDrive\jhessy\IF2I\Projet de fin d'année\Projet AtypikHouse\AtypikHouse\Backend\tests\Entity\ReviewTest.php" line="88" assertions="1" time="0.000161"/>
        <testcase name="testGetUserIdReview" class="App\Tests\ReviewTest" classname="App.Tests.ReviewTest" file="C:\Users\user\OneDrive\jhessy\IF2I\Projet de fin d'année\Projet AtypikHouse\AtypikHouse\Backend\tests\Entity\ReviewTest.php" line="94" assertions="1" time="0.000148"/>
        <testcase name="testRatingTooShortReview" class="App\Tests\ReviewTest" classname="App.Tests.ReviewTest" file="C:\Users\user\OneDrive\jhessy\IF2I\Projet de fin d'année\Projet AtypikHouse\AtypikHouse\Backend\tests\Entity\ReviewTest.php" line="103" assertions="6" time="0.022931"/>
        <testcase name="testRatingTooHighReview" class="App\Tests\ReviewTest" classname="App.Tests.ReviewTest" file="C:\Users\user\OneDrive\jhessy\IF2I\Projet de fin d'année\Projet AtypikHouse\AtypikHouse\Backend\tests\Entity\ReviewTest.php" line="110" assertions="6" time="0.022151"/>
        <testcase name="testGetRatingReview" class="App\Tests\ReviewTest" classname="App.Tests.ReviewTest" file="C:\Users\user\OneDrive\jhessy\IF2I\Projet de fin d'année\Projet AtypikHouse\AtypikHouse\Backend\tests\Entity\ReviewTest.php" line="117" assertions="1" time="0.000207"/>
        <testcase name="testTitleTooLongReview" class="App\Tests\ReviewTest" classname="App.Tests.ReviewTest" file="C:\Users\user\OneDrive\jhessy\IF2I\Projet de fin d'année\Projet AtypikHouse\AtypikHouse\Backend\tests\Entity\ReviewTest.php" line="127" assertions="3" time="0.011942"/>
        <testcase name="testTitleWrongCharacterReview" class="App\Tests\ReviewTest" classname="App.Tests.ReviewTest" file="C:\Users\user\OneDrive\jhessy\IF2I\Projet de fin d'année\Projet AtypikHouse\AtypikHouse\Backend\tests\Entity\ReviewTest.php" line="133" assertions="3" time="0.011215"/>
        <testcase name="testGetTitleReview" class="App\Tests\ReviewTest" classname="App.Tests.ReviewTest" file="C:\Users\user\OneDrive\jhessy\IF2I\Projet de fin d'année\Projet AtypikHouse\AtypikHouse\Backend\tests\Entity\ReviewTest.php" line="139" assertions="1" time="0.000276"/>
        <testcase name="testDescriptionTooLongReview" class="App\Tests\ReviewTest" classname="App.Tests.ReviewTest" file="C:\Users\user\OneDrive\jhessy\IF2I\Projet de fin d'année\Projet AtypikHouse\AtypikHouse\Backend\tests\Entity\ReviewTest.php" line="148" assertions="3" time="0.011565"/>
        <testcase name="testDescriptionWrongCharacterReview" class="App\Tests\ReviewTest" classname="App.Tests.ReviewTest" file="C:\Users\user\OneDrive\jhessy\IF2I\Projet de fin d'année\Projet AtypikHouse\AtypikHouse\Backend\tests\Entity\ReviewTest.php" line="154" assertions="3" time="0.015638"/>
        <testcase name="testGetDescriptionReview" class="App\Tests\ReviewTest" classname="App.Tests.ReviewTest" file="C:\Users\user\OneDrive\jhessy\IF2I\Projet de fin d'année\Projet AtypikHouse\AtypikHouse\Backend\tests\Entity\ReviewTest.php" line="160" assertions="1" time="0.000233"/>
        <testcase name="testGetCreatedAtReview" class="App\Tests\ReviewTest" classname="App.Tests.ReviewTest" file="C:\Users\user\OneDrive\jhessy\IF2I\Projet de fin d'année\Projet AtypikHouse\AtypikHouse\Backend\tests\Entity\ReviewTest.php" line="169" assertions="1" time="0.000204"/>
        <testcase name="testGetUpdatedAtReview" class="App\Tests\ReviewTest" classname="App.Tests.ReviewTest" file="C:\Users\user\OneDrive\jhessy\IF2I\Projet de fin d'année\Projet AtypikHouse\AtypikHouse\Backend\tests\Entity\ReviewTest.php" line="175" assertions="1" time="0.000172"/>
      </testsuite>
      <testsuite name="App\Tests\UserTest" file="C:\Users\user\OneDrive\jhessy\IF2I\Projet de fin d'année\Projet AtypikHouse\AtypikHouse\Backend\tests\Entity\UserTest.php" tests="25" assertions="64" errors="0" warnings="0" failures="0" skipped="0" time="0.531998">
        <testcase name="testValidUser" class="App\Tests\UserTest" classname="App.Tests.UserTest" file="C:\Users\user\OneDrive\jhessy\IF2I\Projet de fin d'année\Projet AtypikHouse\AtypikHouse\Backend\tests\Entity\UserTest.php" line="31" assertions="1" time="0.035963"/>
        <testcase name="testGetIdUser" class="App\Tests\UserTest" classname="App.Tests.UserTest" file="C:\Users\user\OneDrive\jhessy\IF2I\Projet de fin d'année\Projet AtypikHouse\AtypikHouse\Backend\tests\Entity\UserTest.php" line="38" assertions="1" time="0.000168"/>
        <testcase name="testFirstNameBlankUser" class="App\Tests\UserTest" classname="App.Tests.UserTest" file="C:\Users\user\OneDrive\jhessy\IF2I\Projet de fin d'année\Projet AtypikHouse\AtypikHouse\Backend\tests\Entity\UserTest.php" line="45" assertions="6" time="0.047595"/>
        <testcase name="testFirstNameWrongTypeUser" class="App\Tests\UserTest" classname="App.Tests.UserTest" file="C:\Users\user\OneDrive\jhessy\IF2I\Projet de fin d'année\Projet AtypikHouse\AtypikHouse\Backend\tests\Entity\UserTest.php" line="52" assertions="3" time="0.023284"/>
        <testcase name="testFirstNameTooShortUser" class="App\Tests\UserTest" classname="App.Tests.UserTest" file="C:\Users\user\OneDrive\jhessy\IF2I\Projet de fin d'année\Projet AtypikHouse\AtypikHouse\Backend\tests\Entity\UserTest.php" line="58" assertions="3" time="0.025771"/>
        <testcase name="testFirstNameTooLongUser" class="App\Tests\UserTest" classname="App.Tests.UserTest" file="C:\Users\user\OneDrive\jhessy\IF2I\Projet de fin d'année\Projet AtypikHouse\AtypikHouse\Backend\tests\Entity\UserTest.php" line="64" assertions="3" time="0.026283"/>
        <testcase name="testFirstNameWrongCharacterUser" class="App\Tests\UserTest" classname="App.Tests.UserTest" file="C:\Users\user\OneDrive\jhessy\IF2I\Projet de fin d'année\Projet AtypikHouse\AtypikHouse\Backend\tests\Entity\UserTest.php" line="70" assertions="3" time="0.024576"/>
        <testcase name="testGetFirstNameUser" class="App\Tests\UserTest" classname="App.Tests.UserTest" file="C:\Users\user\OneDrive\jhessy\IF2I\Projet de fin d'année\Projet AtypikHouse\AtypikHouse\Backend\tests\Entity\UserTest.php" line="75" assertions="1" time="0.000177"/>
        <testcase name="testLastNameBlankUser" class="App\Tests\UserTest" classname="App.Tests.UserTest" file="C:\Users\user\OneDrive\jhessy\IF2I\Projet de fin d'année\Projet AtypikHouse\AtypikHouse\Backend\tests\Entity\UserTest.php" line="82" assertions="6" time="0.053818"/>
        <testcase name="testLastNameWrongTypeUser" class="App\Tests\UserTest" classname="App.Tests.UserTest" file="C:\Users\user\OneDrive\jhessy\IF2I\Projet de fin d'année\Projet AtypikHouse\AtypikHouse\Backend\tests\Entity\UserTest.php" line="89" assertions="3" time="0.028530"/>
        <testcase name="testLastNameTooShortUser" class="App\Tests\UserTest" classname="App.Tests.UserTest" file="C:\Users\user\OneDrive\jhessy\IF2I\Projet de fin d'année\Projet AtypikHouse\AtypikHouse\Backend\tests\Entity\UserTest.php" line="95" assertions="3" time="0.031773"/>
        <testcase name="testLastNameTooLongUser" class="App\Tests\UserTest" classname="App.Tests.UserTest" file="C:\Users\user\OneDrive\jhessy\IF2I\Projet de fin d'année\Projet AtypikHouse\AtypikHouse\Backend\tests\Entity\UserTest.php" line="101" assertions="3" time="0.030830"/>
        <testcase name="testLastNameWrongCharacterUser" class="App\Tests\UserTest" classname="App.Tests.UserTest" file="C:\Users\user\OneDrive\jhessy\IF2I\Projet de fin d'année\Projet AtypikHouse\AtypikHouse\Backend\tests\Entity\UserTest.php" line="107" assertions="3" time="0.028077"/>
        <testcase name="testGetLastNameUser" class="App\Tests\UserTest" classname="App.Tests.UserTest" file="C:\Users\user\OneDrive\jhessy\IF2I\Projet de fin d'année\Projet AtypikHouse\AtypikHouse\Backend\tests\Entity\UserTest.php" line="112" assertions="1" time="0.000176"/>
        <testcase name="testEmailBlankUser" class="App\Tests\UserTest" classname="App.Tests.UserTest" file="C:\Users\user\OneDrive\jhessy\IF2I\Projet de fin d'année\Projet AtypikHouse\AtypikHouse\Backend\tests\Entity\UserTest.php" line="119" assertions="3" time="0.028906"/>
        <testcase name="testEmailWrongPatternUser" class="App\Tests\UserTest" classname="App.Tests.UserTest" file="C:\Users\user\OneDrive\jhessy\IF2I\Projet de fin d'année\Projet AtypikHouse\AtypikHouse\Backend\tests\Entity\UserTest.php" line="124" assertions="3" time="0.023935"/>
        <testcase name="testGetEmailUser" class="App\Tests\UserTest" classname="App.Tests.UserTest" file="C:\Users\user\OneDrive\jhessy\IF2I\Projet de fin d'année\Projet AtypikHouse\AtypikHouse\Backend\tests\Entity\UserTest.php" line="129" assertions="1" time="0.000179"/>
        <testcase name="testPasswordBlankUser" class="App\Tests\UserTest" classname="App.Tests.UserTest" file="C:\Users\user\OneDrive\jhessy\IF2I\Projet de fin d'année\Projet AtypikHouse\AtypikHouse\Backend\tests\Entity\UserTest.php" line="136" assertions="6" time="0.049277"/>
        <testcase name="testPasswordTooShortUser" class="App\Tests\UserTest" classname="App.Tests.UserTest" file="C:\Users\user\OneDrive\jhessy\IF2I\Projet de fin d'année\Projet AtypikHouse\AtypikHouse\Backend\tests\Entity\UserTest.php" line="142" assertions="3" time="0.024734"/>
        <testcase name="testPhotoBlankUser" class="App\Tests\UserTest" classname="App.Tests.UserTest" file="C:\Users\user\OneDrive\jhessy\IF2I\Projet de fin d'année\Projet AtypikHouse\AtypikHouse\Backend\tests\Entity\UserTest.php" line="149" assertions="1" time="0.023986"/>
        <testcase name="testPhotoWrongFormatUser" class="App\Tests\UserTest" classname="App.Tests.UserTest" file="C:\Users\user\OneDrive\jhessy\IF2I\Projet de fin d'année\Projet AtypikHouse\AtypikHouse\Backend\tests\Entity\UserTest.php" line="154" assertions="3" time="0.023388"/>
        <testcase name="testGetPhotoUser" class="App\Tests\UserTest" classname="App.Tests.UserTest" file="C:\Users\user\OneDrive\jhessy\IF2I\Projet de fin d'année\Projet AtypikHouse\AtypikHouse\Backend\tests\Entity\UserTest.php" line="159" assertions="1" time="0.000186"/>
        <testcase name="testGetUserIdentifierUser" class="App\Tests\UserTest" classname="App.Tests.UserTest" file="C:\Users\user\OneDrive\jhessy\IF2I\Projet de fin d'année\Projet AtypikHouse\AtypikHouse\Backend\tests\Entity\UserTest.php" line="165" assertions="1" time="0.000142"/>
        <testcase name="testGetRolesUser" class="App\Tests\UserTest" classname="App.Tests.UserTest" file="C:\Users\user\OneDrive\jhessy\IF2I\Projet de fin d'année\Projet AtypikHouse\AtypikHouse\Backend\tests\Entity\UserTest.php" line="171" assertions="1" time="0.000123"/>
        <testcase name="testGetPasswordUser" class="App\Tests\UserTest" classname="App.Tests.UserTest" file="C:\Users\user\OneDrive\jhessy\IF2I\Projet de fin d'année\Projet AtypikHouse\AtypikHouse\Backend\tests\Entity\UserTest.php" line="177" assertions="1" time="0.000119"/>
      </testsuite>
    </testsuite>
  </testsuite>
</testsuites>
