<?xml version="1.0" encoding="UTF-8"?>
<testsuites>
  <testsuite name="" tests="115" assertions="218" errors="0" warnings="0" failures="0" skipped="0" time="4.436762">
    <testsuite name="Project default Test Suite" tests="115" assertions="218" errors="0" warnings="0" failures="0" skipped="0" time="4.436762">
      <testsuite name="App\Tests\CategoryTest" file="C:\Users\Monle\OneDrive\jhessy\IF2I\Projet de fin d'année\Projet AtypikHouse\AtypikHouse\Backend\tests\Entity\CategoryTest.php" tests="7" assertions="11" errors="0" warnings="0" failures="0" skipped="0" time="2.470411">
        <testcase name="testValidCategory" class="App\Tests\CategoryTest" classname="App.Tests.CategoryTest" file="C:\Users\Monle\OneDrive\jhessy\IF2I\Projet de fin d'année\Projet AtypikHouse\AtypikHouse\Backend\tests\Entity\CategoryTest.php" line="26" assertions="1" time="2.408165"/>
        <testcase name="testGetIdReview" class="App\Tests\CategoryTest" classname="App.Tests.CategoryTest" file="C:\Users\Monle\OneDrive\jhessy\IF2I\Projet de fin d'année\Projet AtypikHouse\AtypikHouse\Backend\tests\Entity\CategoryTest.php" line="34" assertions="1" time="0.007881"/>
        <testcase name="testTypeTooLongCategory" class="App\Tests\CategoryTest" classname="App.Tests.CategoryTest" file="C:\Users\Monle\OneDrive\jhessy\IF2I\Projet de fin d'année\Projet AtypikHouse\AtypikHouse\Backend\tests\Entity\CategoryTest.php" line="44" assertions="3" time="0.039794"/>
        <testcase name="testTypeWrongCharacterCategory" class="App\Tests\CategoryTest" classname="App.Tests.CategoryTest" file="C:\Users\Monle\OneDrive\jhessy\IF2I\Projet de fin d'année\Projet AtypikHouse\AtypikHouse\Backend\tests\Entity\CategoryTest.php" line="50" assertions="3" time="0.005186"/>
        <testcase name="testGetTypeCategory" class="App\Tests\CategoryTest" classname="App.Tests.CategoryTest" file="C:\Users\Monle\OneDrive\jhessy\IF2I\Projet de fin d'année\Projet AtypikHouse\AtypikHouse\Backend\tests\Entity\CategoryTest.php" line="56" assertions="1" time="0.000384"/>
        <testcase name="testGetCreatedAtCategory" class="App\Tests\CategoryTest" classname="App.Tests.CategoryTest" file="C:\Users\Monle\OneDrive\jhessy\IF2I\Projet de fin d'année\Projet AtypikHouse\AtypikHouse\Backend\tests\Entity\CategoryTest.php" line="65" assertions="1" time="0.008621"/>
        <testcase name="testGetUpdatedAtCategory" class="App\Tests\CategoryTest" classname="App.Tests.CategoryTest" file="C:\Users\Monle\OneDrive\jhessy\IF2I\Projet de fin d'année\Projet AtypikHouse\AtypikHouse\Backend\tests\Entity\CategoryTest.php" line="71" assertions="1" time="0.000380"/>
      </testsuite>
      <testsuite name="App\Tests\LodginTest" file="C:\Users\Monle\OneDrive\jhessy\IF2I\Projet de fin d'année\Projet AtypikHouse\AtypikHouse\Backend\tests\Entity\LodgingTest.php" tests="22" assertions="52" errors="0" warnings="0" failures="0" skipped="0" time="0.409793">
        <testcase name="testValidLodging" class="App\Tests\LodginTest" classname="App.Tests.LodginTest" file="C:\Users\Monle\OneDrive\jhessy\IF2I\Projet de fin d'année\Projet AtypikHouse\AtypikHouse\Backend\tests\Entity\LodgingTest.php" line="53" assertions="1" time="0.305401"/>
        <testcase name="testGetIdLodging" class="App\Tests\LodginTest" classname="App.Tests.LodginTest" file="C:\Users\Monle\OneDrive\jhessy\IF2I\Projet de fin d'année\Projet AtypikHouse\AtypikHouse\Backend\tests\Entity\LodgingTest.php" line="61" assertions="1" time="0.000682"/>
        <testcase name="testGetOwnerIdLodging" class="App\Tests\LodginTest" classname="App.Tests.LodginTest" file="C:\Users\Monle\OneDrive\jhessy\IF2I\Projet de fin d'année\Projet AtypikHouse\AtypikHouse\Backend\tests\Entity\LodgingTest.php" line="71" assertions="1" time="0.000471"/>
        <testcase name="testGetCategoryIdLodging" class="App\Tests\LodginTest" classname="App.Tests.LodginTest" file="C:\Users\Monle\OneDrive\jhessy\IF2I\Projet de fin d'année\Projet AtypikHouse\AtypikHouse\Backend\tests\Entity\LodgingTest.php" line="78" assertions="1" time="0.000610"/>
        <testcase name="testNameBlankLodging" class="App\Tests\LodginTest" classname="App.Tests.LodginTest" file="C:\Users\Monle\OneDrive\jhessy\IF2I\Projet de fin d'année\Projet AtypikHouse\AtypikHouse\Backend\tests\Entity\LodgingTest.php" line="87" assertions="6" time="0.013933"/>
        <testcase name="testNameTooShortLodging" class="App\Tests\LodginTest" classname="App.Tests.LodginTest" file="C:\Users\Monle\OneDrive\jhessy\IF2I\Projet de fin d'année\Projet AtypikHouse\AtypikHouse\Backend\tests\Entity\LodgingTest.php" line="94" assertions="3" time="0.006882"/>
        <testcase name="testNameTooLongLodging" class="App\Tests\LodginTest" classname="App.Tests.LodginTest" file="C:\Users\Monle\OneDrive\jhessy\IF2I\Projet de fin d'année\Projet AtypikHouse\AtypikHouse\Backend\tests\Entity\LodgingTest.php" line="101" assertions="3" time="0.006888"/>
        <testcase name="testNameWrongCharacterLodging" class="App\Tests\LodginTest" classname="App.Tests.LodginTest" file="C:\Users\Monle\OneDrive\jhessy\IF2I\Projet de fin d'année\Projet AtypikHouse\AtypikHouse\Backend\tests\Entity\LodgingTest.php" line="107" assertions="3" time="0.006758"/>
        <testcase name="testGetNameLodging" class="App\Tests\LodginTest" classname="App.Tests.LodginTest" file="C:\Users\Monle\OneDrive\jhessy\IF2I\Projet de fin d'année\Projet AtypikHouse\AtypikHouse\Backend\tests\Entity\LodgingTest.php" line="113" assertions="1" time="0.000425"/>
        <testcase name="testRateTooShorLodging" class="App\Tests\LodginTest" classname="App.Tests.LodginTest" file="C:\Users\Monle\OneDrive\jhessy\IF2I\Projet de fin d'année\Projet AtypikHouse\AtypikHouse\Backend\tests\Entity\LodgingTest.php" line="123" assertions="3" time="0.006897"/>
        <testcase name="testRateTooHighLodging" class="App\Tests\LodginTest" classname="App.Tests.LodginTest" file="C:\Users\Monle\OneDrive\jhessy\IF2I\Projet de fin d'année\Projet AtypikHouse\AtypikHouse\Backend\tests\Entity\LodgingTest.php" line="129" assertions="3" time="0.006816"/>
        <testcase name="testRateNotValideDecimalLodging" class="App\Tests\LodginTest" classname="App.Tests.LodginTest" file="C:\Users\Monle\OneDrive\jhessy\IF2I\Projet de fin d'année\Projet AtypikHouse\AtypikHouse\Backend\tests\Entity\LodgingTest.php" line="135" assertions="3" time="0.007252"/>
        <testcase name="testGetRateLodging" class="App\Tests\LodginTest" classname="App.Tests.LodginTest" file="C:\Users\Monle\OneDrive\jhessy\IF2I\Projet de fin d'année\Projet AtypikHouse\AtypikHouse\Backend\tests\Entity\LodgingTest.php" line="141" assertions="1" time="0.000464"/>
        <testcase name="testDescriptionBlankLodging" class="App\Tests\LodginTest" classname="App.Tests.LodginTest" file="C:\Users\Monle\OneDrive\jhessy\IF2I\Projet de fin d'année\Projet AtypikHouse\AtypikHouse\Backend\tests\Entity\LodgingTest.php" line="152" assertions="6" time="0.013134"/>
        <testcase name="testDescriptionTooLongLodging" class="App\Tests\LodginTest" classname="App.Tests.LodginTest" file="C:\Users\Monle\OneDrive\jhessy\IF2I\Projet de fin d'année\Projet AtypikHouse\AtypikHouse\Backend\tests\Entity\LodgingTest.php" line="159" assertions="3" time="0.006769"/>
        <testcase name="testDescriptionWrongCharacterLodging" class="App\Tests\LodginTest" classname="App.Tests.LodginTest" file="C:\Users\Monle\OneDrive\jhessy\IF2I\Projet de fin d'année\Projet AtypikHouse\AtypikHouse\Backend\tests\Entity\LodgingTest.php" line="165" assertions="3" time="0.006749"/>
        <testcase name="testGetDescriptionLodging" class="App\Tests\LodginTest" classname="App.Tests.LodginTest" file="C:\Users\Monle\OneDrive\jhessy\IF2I\Projet de fin d'année\Projet AtypikHouse\AtypikHouse\Backend\tests\Entity\LodgingTest.php" line="171" assertions="1" time="0.000565"/>
        <testcase name="testAdressBlankLodging" class="App\Tests\LodginTest" classname="App.Tests.LodginTest" file="C:\Users\Monle\OneDrive\jhessy\IF2I\Projet de fin d'année\Projet AtypikHouse\AtypikHouse\Backend\tests\Entity\LodgingTest.php" line="181" assertions="3" time="0.006837"/>
        <testcase name="testAdressTooLongLodging" class="App\Tests\LodginTest" classname="App.Tests.LodginTest" file="C:\Users\Monle\OneDrive\jhessy\IF2I\Projet de fin d'année\Projet AtypikHouse\AtypikHouse\Backend\tests\Entity\LodgingTest.php" line="187" assertions="3" time="0.010706"/>
        <testcase name="testGetAdressLodging" class="App\Tests\LodginTest" classname="App.Tests.LodginTest" file="C:\Users\Monle\OneDrive\jhessy\IF2I\Projet de fin d'année\Projet AtypikHouse\AtypikHouse\Backend\tests\Entity\LodgingTest.php" line="193" assertions="1" time="0.000457"/>
        <testcase name="testGetCreatedAtLodging" class="App\Tests\LodginTest" classname="App.Tests.LodginTest" file="C:\Users\Monle\OneDrive\jhessy\IF2I\Projet de fin d'année\Projet AtypikHouse\AtypikHouse\Backend\tests\Entity\LodgingTest.php" line="202" assertions="1" time="0.000639"/>
        <testcase name="testGetUpdatedAtLodging" class="App\Tests\LodginTest" classname="App.Tests.LodginTest" file="C:\Users\Monle\OneDrive\jhessy\IF2I\Projet de fin d'année\Projet AtypikHouse\AtypikHouse\Backend\tests\Entity\LodgingTest.php" line="208" assertions="1" time="0.000458"/>
      </testsuite>
      <testsuite name="App\Tests\LodgingValueTest" file="C:\Users\Monle\OneDrive\jhessy\IF2I\Projet de fin d'année\Projet AtypikHouse\AtypikHouse\Backend\tests\Entity\LodgingValueTest.php" tests="9" assertions="13" errors="0" warnings="0" failures="0" skipped="0" time="0.175604">
        <testcase name="testValidLodgingValue" class="App\Tests\LodgingValueTest" classname="App.Tests.LodgingValueTest" file="C:\Users\Monle\OneDrive\jhessy\IF2I\Projet de fin d'année\Projet AtypikHouse\AtypikHouse\Backend\tests\Entity\LodgingValueTest.php" line="68" assertions="1" time="0.161955"/>
        <testcase name="testGetIdLodgingValue" class="App\Tests\LodgingValueTest" classname="App.Tests.LodgingValueTest" file="C:\Users\Monle\OneDrive\jhessy\IF2I\Projet de fin d'année\Projet AtypikHouse\AtypikHouse\Backend\tests\Entity\LodgingValueTest.php" line="76" assertions="1" time="0.000698"/>
        <testcase name="testGetPropertyIdLodgingValue" class="App\Tests\LodgingValueTest" classname="App.Tests.LodgingValueTest" file="C:\Users\Monle\OneDrive\jhessy\IF2I\Projet de fin d'année\Projet AtypikHouse\AtypikHouse\Backend\tests\Entity\LodgingValueTest.php" line="85" assertions="1" time="0.000510"/>
        <testcase name="testGetLodgingIdLodgingValue" class="App\Tests\LodgingValueTest" classname="App.Tests.LodgingValueTest" file="C:\Users\Monle\OneDrive\jhessy\IF2I\Projet de fin d'année\Projet AtypikHouse\AtypikHouse\Backend\tests\Entity\LodgingValueTest.php" line="91" assertions="1" time="0.000477"/>
        <testcase name="testValueTooLongLodgingValue" class="App\Tests\LodgingValueTest" classname="App.Tests.LodgingValueTest" file="C:\Users\Monle\OneDrive\jhessy\IF2I\Projet de fin d'année\Projet AtypikHouse\AtypikHouse\Backend\tests\Entity\LodgingValueTest.php" line="100" assertions="3" time="0.005561"/>
        <testcase name="testValueWrongCharacterLodgingValue" class="App\Tests\LodgingValueTest" classname="App.Tests.LodgingValueTest" file="C:\Users\Monle\OneDrive\jhessy\IF2I\Projet de fin d'année\Projet AtypikHouse\AtypikHouse\Backend\tests\Entity\LodgingValueTest.php" line="106" assertions="3" time="0.004919"/>
        <testcase name="testGetValueLodgingValue" class="App\Tests\LodgingValueTest" classname="App.Tests.LodgingValueTest" file="C:\Users\Monle\OneDrive\jhessy\IF2I\Projet de fin d'année\Projet AtypikHouse\AtypikHouse\Backend\tests\Entity\LodgingValueTest.php" line="112" assertions="1" time="0.000495"/>
        <testcase name="testGetCreatedAtLodgingValue" class="App\Tests\LodgingValueTest" classname="App.Tests.LodgingValueTest" file="C:\Users\Monle\OneDrive\jhessy\IF2I\Projet de fin d'année\Projet AtypikHouse\AtypikHouse\Backend\tests\Entity\LodgingValueTest.php" line="122" assertions="1" time="0.000500"/>
        <testcase name="testGetUpdatedAtLodgingValue" class="App\Tests\LodgingValueTest" classname="App.Tests.LodgingValueTest" file="C:\Users\Monle\OneDrive\jhessy\IF2I\Projet de fin d'année\Projet AtypikHouse\AtypikHouse\Backend\tests\Entity\LodgingValueTest.php" line="128" assertions="1" time="0.000489"/>
      </testsuite>
      <testsuite name="App\Tests\MediaTest" file="C:\Users\Monle\OneDrive\jhessy\IF2I\Projet de fin d'année\Projet AtypikHouse\AtypikHouse\Backend\tests\Entity\MediaTest.php" tests="5" assertions="5" errors="0" warnings="0" failures="0" skipped="0" time="0.108207">
        <testcase name="testValidMedia" class="App\Tests\MediaTest" classname="App.Tests.MediaTest" file="C:\Users\Monle\OneDrive\jhessy\IF2I\Projet de fin d'année\Projet AtypikHouse\AtypikHouse\Backend\tests\Entity\MediaTest.php" line="53" assertions="1" time="0.106444"/>
        <testcase name="testGetIdMedia" class="App\Tests\MediaTest" classname="App.Tests.MediaTest" file="C:\Users\Monle\OneDrive\jhessy\IF2I\Projet de fin d'année\Projet AtypikHouse\AtypikHouse\Backend\tests\Entity\MediaTest.php" line="59" assertions="1" time="0.000509"/>
        <testcase name="testGetLinkMedia" class="App\Tests\MediaTest" classname="App.Tests.MediaTest" file="C:\Users\Monle\OneDrive\jhessy\IF2I\Projet de fin d'année\Projet AtypikHouse\AtypikHouse\Backend\tests\Entity\MediaTest.php" line="65" assertions="1" time="0.000438"/>
        <testcase name="testGetMediaTypeMedia" class="App\Tests\MediaTest" classname="App.Tests.MediaTest" file="C:\Users\Monle\OneDrive\jhessy\IF2I\Projet de fin d'année\Projet AtypikHouse\AtypikHouse\Backend\tests\Entity\MediaTest.php" line="71" assertions="1" time="0.000410"/>
        <testcase name="testGetLodgingIdMedia" class="App\Tests\MediaTest" classname="App.Tests.MediaTest" file="C:\Users\Monle\OneDrive\jhessy\IF2I\Projet de fin d'année\Projet AtypikHouse\AtypikHouse\Backend\tests\Entity\MediaTest.php" line="77" assertions="1" time="0.000406"/>
      </testsuite>
      <testsuite name="App\Tests\MessageTest" file="C:\Users\Monle\OneDrive\jhessy\IF2I\Projet de fin d'année\Projet AtypikHouse\AtypikHouse\Backend\tests\Entity\MessageTest.php" tests="7" assertions="7" errors="0" warnings="0" failures="0" skipped="0" time="0.157156">
        <testcase name="testValidMessage" class="App\Tests\MessageTest" classname="App.Tests.MessageTest" file="C:\Users\Monle\OneDrive\jhessy\IF2I\Projet de fin d'année\Projet AtypikHouse\AtypikHouse\Backend\tests\Entity\MessageTest.php" line="51" assertions="1" time="0.154463"/>
        <testcase name="testGetIdMessage" class="App\Tests\MessageTest" classname="App.Tests.MessageTest" file="C:\Users\Monle\OneDrive\jhessy\IF2I\Projet de fin d'année\Projet AtypikHouse\AtypikHouse\Backend\tests\Entity\MessageTest.php" line="57" assertions="1" time="0.000510"/>
        <testcase name="testGetMessageContentMessage" class="App\Tests\MessageTest" classname="App.Tests.MessageTest" file="C:\Users\Monle\OneDrive\jhessy\IF2I\Projet de fin d'année\Projet AtypikHouse\AtypikHouse\Backend\tests\Entity\MessageTest.php" line="63" assertions="1" time="0.000403"/>
        <testcase name="testGetCreatedAtMessage" class="App\Tests\MessageTest" classname="App.Tests.MessageTest" file="C:\Users\Monle\OneDrive\jhessy\IF2I\Projet de fin d'année\Projet AtypikHouse\AtypikHouse\Backend\tests\Entity\MessageTest.php" line="69" assertions="1" time="0.000431"/>
        <testcase name="testGetUpdatedAtMessage" class="App\Tests\MessageTest" classname="App.Tests.MessageTest" file="C:\Users\Monle\OneDrive\jhessy\IF2I\Projet de fin d'année\Projet AtypikHouse\AtypikHouse\Backend\tests\Entity\MessageTest.php" line="76" assertions="1" time="0.000456"/>
        <testcase name="testGetUserIdMessage" class="App\Tests\MessageTest" classname="App.Tests.MessageTest" file="C:\Users\Monle\OneDrive\jhessy\IF2I\Projet de fin d'année\Projet AtypikHouse\AtypikHouse\Backend\tests\Entity\MessageTest.php" line="83" assertions="1" time="0.000394"/>
        <testcase name="testGetOwnerIdMessage" class="App\Tests\MessageTest" classname="App.Tests.MessageTest" file="C:\Users\Monle\OneDrive\jhessy\IF2I\Projet de fin d'année\Projet AtypikHouse\AtypikHouse\Backend\tests\Entity\MessageTest.php" line="89" assertions="1" time="0.000499"/>
      </testsuite>
      <testsuite name="App\Tests\OwnerTest" file="C:\Users\Monle\OneDrive\jhessy\IF2I\Projet de fin d'année\Projet AtypikHouse\AtypikHouse\Backend\tests\Entity\OwnerTest.php" tests="3" assertions="3" errors="0" warnings="0" failures="0" skipped="0" time="0.052767">
        <testcase name="testValidOwner" class="App\Tests\OwnerTest" classname="App.Tests.OwnerTest" file="C:\Users\Monle\OneDrive\jhessy\IF2I\Projet de fin d'année\Projet AtypikHouse\AtypikHouse\Backend\tests\Entity\OwnerTest.php" line="34" assertions="1" time="0.051859"/>
        <testcase name="testGetIdOwner" class="App\Tests\OwnerTest" classname="App.Tests.OwnerTest" file="C:\Users\Monle\OneDrive\jhessy\IF2I\Projet de fin d'année\Projet AtypikHouse\AtypikHouse\Backend\tests\Entity\OwnerTest.php" line="40" assertions="1" time="0.000521"/>
        <testcase name="testGetUserIdOwner" class="App\Tests\OwnerTest" classname="App.Tests.OwnerTest" file="C:\Users\Monle\OneDrive\jhessy\IF2I\Projet de fin d'année\Projet AtypikHouse\AtypikHouse\Backend\tests\Entity\OwnerTest.php" line="46" assertions="1" time="0.000387"/>
      </testsuite>
      <testsuite name="App\Tests\PropertyTest" file="C:\Users\Monle\OneDrive\jhessy\IF2I\Projet de fin d'année\Projet AtypikHouse\AtypikHouse\Backend\tests\Entity\PropertyTest.php" tests="11" assertions="19" errors="0" warnings="0" failures="0" skipped="0" time="0.175171">
        <testcase name="testValidProperty" class="App\Tests\PropertyTest" classname="App.Tests.PropertyTest" file="C:\Users\Monle\OneDrive\jhessy\IF2I\Projet de fin d'année\Projet AtypikHouse\AtypikHouse\Backend\tests\Entity\PropertyTest.php" line="34" assertions="1" time="0.152023"/>
        <testcase name="testGetIdProperty" class="App\Tests\PropertyTest" classname="App.Tests.PropertyTest" file="C:\Users\Monle\OneDrive\jhessy\IF2I\Projet de fin d'année\Projet AtypikHouse\AtypikHouse\Backend\tests\Entity\PropertyTest.php" line="42" assertions="1" time="0.000526"/>
        <testcase name="testGetCategoryIdProperty" class="App\Tests\PropertyTest" classname="App.Tests.PropertyTest" file="C:\Users\Monle\OneDrive\jhessy\IF2I\Projet de fin d'année\Projet AtypikHouse\AtypikHouse\Backend\tests\Entity\PropertyTest.php" line="51" assertions="1" time="0.000397"/>
        <testcase name="testNewFieldTooLongProperty" class="App\Tests\PropertyTest" classname="App.Tests.PropertyTest" file="C:\Users\Monle\OneDrive\jhessy\IF2I\Projet de fin d'année\Projet AtypikHouse\AtypikHouse\Backend\tests\Entity\PropertyTest.php" line="61" assertions="3" time="0.005419"/>
        <testcase name="testNewFieldWrongCharacterProperty" class="App\Tests\PropertyTest" classname="App.Tests.PropertyTest" file="C:\Users\Monle\OneDrive\jhessy\IF2I\Projet de fin d'année\Projet AtypikHouse\AtypikHouse\Backend\tests\Entity\PropertyTest.php" line="67" assertions="3" time="0.005161"/>
        <testcase name="testGetNewFieldProperty" class="App\Tests\PropertyTest" classname="App.Tests.PropertyTest" file="C:\Users\Monle\OneDrive\jhessy\IF2I\Projet de fin d'année\Projet AtypikHouse\AtypikHouse\Backend\tests\Entity\PropertyTest.php" line="73" assertions="1" time="0.000377"/>
        <testcase name="testDefaultValueTooLongProperty" class="App\Tests\PropertyTest" classname="App.Tests.PropertyTest" file="C:\Users\Monle\OneDrive\jhessy\IF2I\Projet de fin d'année\Projet AtypikHouse\AtypikHouse\Backend\tests\Entity\PropertyTest.php" line="84" assertions="3" time="0.004975"/>
        <testcase name="testDefaultValueWrongCharacterProperty" class="App\Tests\PropertyTest" classname="App.Tests.PropertyTest" file="C:\Users\Monle\OneDrive\jhessy\IF2I\Projet de fin d'année\Projet AtypikHouse\AtypikHouse\Backend\tests\Entity\PropertyTest.php" line="90" assertions="3" time="0.005015"/>
        <testcase name="testGetDefaultValueProperty" class="App\Tests\PropertyTest" classname="App.Tests.PropertyTest" file="C:\Users\Monle\OneDrive\jhessy\IF2I\Projet de fin d'année\Projet AtypikHouse\AtypikHouse\Backend\tests\Entity\PropertyTest.php" line="96" assertions="1" time="0.000410"/>
        <testcase name="testGetCreatedAtProperty" class="App\Tests\PropertyTest" classname="App.Tests.PropertyTest" file="C:\Users\Monle\OneDrive\jhessy\IF2I\Projet de fin d'année\Projet AtypikHouse\AtypikHouse\Backend\tests\Entity\PropertyTest.php" line="107" assertions="1" time="0.000394"/>
        <testcase name="testGetUpdatedAtProperty" class="App\Tests\PropertyTest" classname="App.Tests.PropertyTest" file="C:\Users\Monle\OneDrive\jhessy\IF2I\Projet de fin d'année\Projet AtypikHouse\AtypikHouse\Backend\tests\Entity\PropertyTest.php" line="113" assertions="1" time="0.000475"/>
      </testsuite>
      <testsuite name="App\Tests\ReservationTest" file="C:\Users\Monle\OneDrive\jhessy\IF2I\Projet de fin d'année\Projet AtypikHouse\AtypikHouse\Backend\tests\Entity\ReservationTest.php" tests="10" assertions="10" errors="0" warnings="0" failures="0" skipped="0" time="0.231710">
        <testcase name="testValidReservation" class="App\Tests\ReservationTest" classname="App.Tests.ReservationTest" file="C:\Users\Monle\OneDrive\jhessy\IF2I\Projet de fin d'année\Projet AtypikHouse\AtypikHouse\Backend\tests\Entity\ReservationTest.php" line="58" assertions="1" time="0.227401"/>
        <testcase name="testGetIdReservation" class="App\Tests\ReservationTest" classname="App.Tests.ReservationTest" file="C:\Users\Monle\OneDrive\jhessy\IF2I\Projet de fin d'année\Projet AtypikHouse\AtypikHouse\Backend\tests\Entity\ReservationTest.php" line="64" assertions="1" time="0.000573"/>
        <testcase name="testGetPriceMessage" class="App\Tests\ReservationTest" classname="App.Tests.ReservationTest" file="C:\Users\Monle\OneDrive\jhessy\IF2I\Projet de fin d'année\Projet AtypikHouse\AtypikHouse\Backend\tests\Entity\ReservationTest.php" line="70" assertions="1" time="0.000454"/>
        <testcase name="testGetStartDateReservation" class="App\Tests\ReservationTest" classname="App.Tests.ReservationTest" file="C:\Users\Monle\OneDrive\jhessy\IF2I\Projet de fin d'année\Projet AtypikHouse\AtypikHouse\Backend\tests\Entity\ReservationTest.php" line="78" assertions="1" time="0.000474"/>
        <testcase name="testGetEndDateReservation" class="App\Tests\ReservationTest" classname="App.Tests.ReservationTest" file="C:\Users\Monle\OneDrive\jhessy\IF2I\Projet de fin d'année\Projet AtypikHouse\AtypikHouse\Backend\tests\Entity\ReservationTest.php" line="84" assertions="1" time="0.000462"/>
        <testcase name="testGetPaidReservation" class="App\Tests\ReservationTest" classname="App.Tests.ReservationTest" file="C:\Users\Monle\OneDrive\jhessy\IF2I\Projet de fin d'année\Projet AtypikHouse\AtypikHouse\Backend\tests\Entity\ReservationTest.php" line="91" assertions="1" time="0.000438"/>
        <testcase name="testGetCreatedAtReservation" class="App\Tests\ReservationTest" classname="App.Tests.ReservationTest" file="C:\Users\Monle\OneDrive\jhessy\IF2I\Projet de fin d'année\Projet AtypikHouse\AtypikHouse\Backend\tests\Entity\ReservationTest.php" line="98" assertions="1" time="0.000456"/>
        <testcase name="testGetUpdatedAtReservation" class="App\Tests\ReservationTest" classname="App.Tests.ReservationTest" file="C:\Users\Monle\OneDrive\jhessy\IF2I\Projet de fin d'année\Projet AtypikHouse\AtypikHouse\Backend\tests\Entity\ReservationTest.php" line="105" assertions="1" time="0.000446"/>
        <testcase name="testGetUserIdReservation" class="App\Tests\ReservationTest" classname="App.Tests.ReservationTest" file="C:\Users\Monle\OneDrive\jhessy\IF2I\Projet de fin d'année\Projet AtypikHouse\AtypikHouse\Backend\tests\Entity\ReservationTest.php" line="113" assertions="1" time="0.000427"/>
        <testcase name="testGetLodgingIdReservation" class="App\Tests\ReservationTest" classname="App.Tests.ReservationTest" file="C:\Users\Monle\OneDrive\jhessy\IF2I\Projet de fin d'année\Projet AtypikHouse\AtypikHouse\Backend\tests\Entity\ReservationTest.php" line="120" assertions="1" time="0.000578"/>
      </testsuite>
      <testsuite name="App\Tests\ReviewTest" file="C:\Users\Monle\OneDrive\jhessy\IF2I\Projet de fin d'année\Projet AtypikHouse\AtypikHouse\Backend\tests\Entity\ReviewTest.php" tests="16" assertions="34" errors="0" warnings="0" failures="0" skipped="0" time="0.282213">
        <testcase name="testValidReview" class="App\Tests\ReviewTest" classname="App.Tests.ReviewTest" file="C:\Users\Monle\OneDrive\jhessy\IF2I\Projet de fin d'année\Projet AtypikHouse\AtypikHouse\Backend\tests\Entity\ReviewTest.php" line="64" assertions="1" time="0.228914"/>
        <testcase name="testGetIdReview" class="App\Tests\ReviewTest" classname="App.Tests.ReviewTest" file="C:\Users\Monle\OneDrive\jhessy\IF2I\Projet de fin d'année\Projet AtypikHouse\AtypikHouse\Backend\tests\Entity\ReviewTest.php" line="72" assertions="1" time="0.000797"/>
        <testcase name="testGetOwnerIdReview" class="App\Tests\ReviewTest" classname="App.Tests.ReviewTest" file="C:\Users\Monle\OneDrive\jhessy\IF2I\Projet de fin d'année\Projet AtypikHouse\AtypikHouse\Backend\tests\Entity\ReviewTest.php" line="82" assertions="1" time="0.000487"/>
        <testcase name="testGetLodgingIdReview" class="App\Tests\ReviewTest" classname="App.Tests.ReviewTest" file="C:\Users\Monle\OneDrive\jhessy\IF2I\Projet de fin d'année\Projet AtypikHouse\AtypikHouse\Backend\tests\Entity\ReviewTest.php" line="88" assertions="1" time="0.000447"/>
        <testcase name="testGetUserIdReview" class="App\Tests\ReviewTest" classname="App.Tests.ReviewTest" file="C:\Users\Monle\OneDrive\jhessy\IF2I\Projet de fin d'année\Projet AtypikHouse\AtypikHouse\Backend\tests\Entity\ReviewTest.php" line="94" assertions="1" time="0.000440"/>
        <testcase name="testRatingTooShortReview" class="App\Tests\ReviewTest" classname="App.Tests.ReviewTest" file="C:\Users\Monle\OneDrive\jhessy\IF2I\Projet de fin d'année\Projet AtypikHouse\AtypikHouse\Backend\tests\Entity\ReviewTest.php" line="103" assertions="6" time="0.012087"/>
        <testcase name="testRatingTooHighReview" class="App\Tests\ReviewTest" classname="App.Tests.ReviewTest" file="C:\Users\Monle\OneDrive\jhessy\IF2I\Projet de fin d'année\Projet AtypikHouse\AtypikHouse\Backend\tests\Entity\ReviewTest.php" line="110" assertions="6" time="0.011780"/>
        <testcase name="testGetRatingReview" class="App\Tests\ReviewTest" classname="App.Tests.ReviewTest" file="C:\Users\Monle\OneDrive\jhessy\IF2I\Projet de fin d'année\Projet AtypikHouse\AtypikHouse\Backend\tests\Entity\ReviewTest.php" line="117" assertions="1" time="0.000464"/>
        <testcase name="testTitleTooLongReview" class="App\Tests\ReviewTest" classname="App.Tests.ReviewTest" file="C:\Users\Monle\OneDrive\jhessy\IF2I\Projet de fin d'année\Projet AtypikHouse\AtypikHouse\Backend\tests\Entity\ReviewTest.php" line="127" assertions="3" time="0.006377"/>
        <testcase name="testTitleWrongCharacterReview" class="App\Tests\ReviewTest" classname="App.Tests.ReviewTest" file="C:\Users\Monle\OneDrive\jhessy\IF2I\Projet de fin d'année\Projet AtypikHouse\AtypikHouse\Backend\tests\Entity\ReviewTest.php" line="133" assertions="3" time="0.006139"/>
        <testcase name="testGetTitleReview" class="App\Tests\ReviewTest" classname="App.Tests.ReviewTest" file="C:\Users\Monle\OneDrive\jhessy\IF2I\Projet de fin d'année\Projet AtypikHouse\AtypikHouse\Backend\tests\Entity\ReviewTest.php" line="139" assertions="1" time="0.000458"/>
        <testcase name="testDescriptionTooLongReview" class="App\Tests\ReviewTest" classname="App.Tests.ReviewTest" file="C:\Users\Monle\OneDrive\jhessy\IF2I\Projet de fin d'année\Projet AtypikHouse\AtypikHouse\Backend\tests\Entity\ReviewTest.php" line="148" assertions="3" time="0.006323"/>
        <testcase name="testDescriptionWrongCharacterReview" class="App\Tests\ReviewTest" classname="App.Tests.ReviewTest" file="C:\Users\Monle\OneDrive\jhessy\IF2I\Projet de fin d'année\Projet AtypikHouse\AtypikHouse\Backend\tests\Entity\ReviewTest.php" line="154" assertions="3" time="0.006072"/>
        <testcase name="testGetDescriptionReview" class="App\Tests\ReviewTest" classname="App.Tests.ReviewTest" file="C:\Users\Monle\OneDrive\jhessy\IF2I\Projet de fin d'année\Projet AtypikHouse\AtypikHouse\Backend\tests\Entity\ReviewTest.php" line="160" assertions="1" time="0.000469"/>
        <testcase name="testGetCreatedAtReview" class="App\Tests\ReviewTest" classname="App.Tests.ReviewTest" file="C:\Users\Monle\OneDrive\jhessy\IF2I\Projet de fin d'année\Projet AtypikHouse\AtypikHouse\Backend\tests\Entity\ReviewTest.php" line="169" assertions="1" time="0.000483"/>
        <testcase name="testGetUpdatedAtReview" class="App\Tests\ReviewTest" classname="App.Tests.ReviewTest" file="C:\Users\Monle\OneDrive\jhessy\IF2I\Projet de fin d'année\Projet AtypikHouse\AtypikHouse\Backend\tests\Entity\ReviewTest.php" line="175" assertions="1" time="0.000478"/>
      </testsuite>
      <testsuite name="App\Tests\UserTest" file="C:\Users\Monle\OneDrive\jhessy\IF2I\Projet de fin d'année\Projet AtypikHouse\AtypikHouse\Backend\tests\Entity\UserTest.php" tests="25" assertions="64" errors="0" warnings="0" failures="0" skipped="0" time="0.373730">
        <testcase name="testValidUser" class="App\Tests\UserTest" classname="App.Tests.UserTest" file="C:\Users\Monle\OneDrive\jhessy\IF2I\Projet de fin d'année\Projet AtypikHouse\AtypikHouse\Backend\tests\Entity\UserTest.php" line="31" assertions="1" time="0.242774"/>
        <testcase name="testGetIdUser" class="App\Tests\UserTest" classname="App.Tests.UserTest" file="C:\Users\Monle\OneDrive\jhessy\IF2I\Projet de fin d'année\Projet AtypikHouse\AtypikHouse\Backend\tests\Entity\UserTest.php" line="38" assertions="1" time="0.000528"/>
        <testcase name="testFirstNameBlankUser" class="App\Tests\UserTest" classname="App.Tests.UserTest" file="C:\Users\Monle\OneDrive\jhessy\IF2I\Projet de fin d'année\Projet AtypikHouse\AtypikHouse\Backend\tests\Entity\UserTest.php" line="45" assertions="6" time="0.013305"/>
        <testcase name="testFirstNameWrongTypeUser" class="App\Tests\UserTest" classname="App.Tests.UserTest" file="C:\Users\Monle\OneDrive\jhessy\IF2I\Projet de fin d'année\Projet AtypikHouse\AtypikHouse\Backend\tests\Entity\UserTest.php" line="52" assertions="3" time="0.006527"/>
        <testcase name="testFirstNameTooShortUser" class="App\Tests\UserTest" classname="App.Tests.UserTest" file="C:\Users\Monle\OneDrive\jhessy\IF2I\Projet de fin d'année\Projet AtypikHouse\AtypikHouse\Backend\tests\Entity\UserTest.php" line="58" assertions="3" time="0.006595"/>
        <testcase name="testFirstNameTooLongUser" class="App\Tests\UserTest" classname="App.Tests.UserTest" file="C:\Users\Monle\OneDrive\jhessy\IF2I\Projet de fin d'année\Projet AtypikHouse\AtypikHouse\Backend\tests\Entity\UserTest.php" line="64" assertions="3" time="0.006534"/>
        <testcase name="testFirstNameWrongCharacterUser" class="App\Tests\UserTest" classname="App.Tests.UserTest" file="C:\Users\Monle\OneDrive\jhessy\IF2I\Projet de fin d'année\Projet AtypikHouse\AtypikHouse\Backend\tests\Entity\UserTest.php" line="70" assertions="3" time="0.007513"/>
        <testcase name="testGetFirstNameUser" class="App\Tests\UserTest" classname="App.Tests.UserTest" file="C:\Users\Monle\OneDrive\jhessy\IF2I\Projet de fin d'année\Projet AtypikHouse\AtypikHouse\Backend\tests\Entity\UserTest.php" line="75" assertions="1" time="0.000370"/>
        <testcase name="testLastNameBlankUser" class="App\Tests\UserTest" classname="App.Tests.UserTest" file="C:\Users\Monle\OneDrive\jhessy\IF2I\Projet de fin d'année\Projet AtypikHouse\AtypikHouse\Backend\tests\Entity\UserTest.php" line="82" assertions="6" time="0.012944"/>
        <testcase name="testLastNameWrongTypeUser" class="App\Tests\UserTest" classname="App.Tests.UserTest" file="C:\Users\Monle\OneDrive\jhessy\IF2I\Projet de fin d'année\Projet AtypikHouse\AtypikHouse\Backend\tests\Entity\UserTest.php" line="89" assertions="3" time="0.006575"/>
        <testcase name="testLastNameTooShortUser" class="App\Tests\UserTest" classname="App.Tests.UserTest" file="C:\Users\Monle\OneDrive\jhessy\IF2I\Projet de fin d'année\Projet AtypikHouse\AtypikHouse\Backend\tests\Entity\UserTest.php" line="95" assertions="3" time="0.006755"/>
        <testcase name="testLastNameTooLongUser" class="App\Tests\UserTest" classname="App.Tests.UserTest" file="C:\Users\Monle\OneDrive\jhessy\IF2I\Projet de fin d'année\Projet AtypikHouse\AtypikHouse\Backend\tests\Entity\UserTest.php" line="101" assertions="3" time="0.006657"/>
        <testcase name="testLastNameWrongCharacterUser" class="App\Tests\UserTest" classname="App.Tests.UserTest" file="C:\Users\Monle\OneDrive\jhessy\IF2I\Projet de fin d'année\Projet AtypikHouse\AtypikHouse\Backend\tests\Entity\UserTest.php" line="107" assertions="3" time="0.006758"/>
        <testcase name="testGetLastNameUser" class="App\Tests\UserTest" classname="App.Tests.UserTest" file="C:\Users\Monle\OneDrive\jhessy\IF2I\Projet de fin d'année\Projet AtypikHouse\AtypikHouse\Backend\tests\Entity\UserTest.php" line="112" assertions="1" time="0.000382"/>
        <testcase name="testEmailBlankUser" class="App\Tests\UserTest" classname="App.Tests.UserTest" file="C:\Users\Monle\OneDrive\jhessy\IF2I\Projet de fin d'année\Projet AtypikHouse\AtypikHouse\Backend\tests\Entity\UserTest.php" line="119" assertions="3" time="0.007078"/>
        <testcase name="testEmailWrongPatternUser" class="App\Tests\UserTest" classname="App.Tests.UserTest" file="C:\Users\Monle\OneDrive\jhessy\IF2I\Projet de fin d'année\Projet AtypikHouse\AtypikHouse\Backend\tests\Entity\UserTest.php" line="124" assertions="3" time="0.006901"/>
        <testcase name="testGetEmailUser" class="App\Tests\UserTest" classname="App.Tests.UserTest" file="C:\Users\Monle\OneDrive\jhessy\IF2I\Projet de fin d'année\Projet AtypikHouse\AtypikHouse\Backend\tests\Entity\UserTest.php" line="129" assertions="1" time="0.000374"/>
        <testcase name="testPasswordBlankUser" class="App\Tests\UserTest" classname="App.Tests.UserTest" file="C:\Users\Monle\OneDrive\jhessy\IF2I\Projet de fin d'année\Projet AtypikHouse\AtypikHouse\Backend\tests\Entity\UserTest.php" line="136" assertions="6" time="0.013267"/>
        <testcase name="testPasswordTooShortUser" class="App\Tests\UserTest" classname="App.Tests.UserTest" file="C:\Users\Monle\OneDrive\jhessy\IF2I\Projet de fin d'année\Projet AtypikHouse\AtypikHouse\Backend\tests\Entity\UserTest.php" line="142" assertions="3" time="0.007169"/>
        <testcase name="testPhotoBlankUser" class="App\Tests\UserTest" classname="App.Tests.UserTest" file="C:\Users\Monle\OneDrive\jhessy\IF2I\Projet de fin d'année\Projet AtypikHouse\AtypikHouse\Backend\tests\Entity\UserTest.php" line="149" assertions="1" time="0.006661"/>
        <testcase name="testPhotoWrongFormatUser" class="App\Tests\UserTest" classname="App.Tests.UserTest" file="C:\Users\Monle\OneDrive\jhessy\IF2I\Projet de fin d'année\Projet AtypikHouse\AtypikHouse\Backend\tests\Entity\UserTest.php" line="154" assertions="3" time="0.006647"/>
        <testcase name="testGetPhotoUser" class="App\Tests\UserTest" classname="App.Tests.UserTest" file="C:\Users\Monle\OneDrive\jhessy\IF2I\Projet de fin d'année\Projet AtypikHouse\AtypikHouse\Backend\tests\Entity\UserTest.php" line="159" assertions="1" time="0.000358"/>
        <testcase name="testGetUserIdentifierUser" class="App\Tests\UserTest" classname="App.Tests.UserTest" file="C:\Users\Monle\OneDrive\jhessy\IF2I\Projet de fin d'année\Projet AtypikHouse\AtypikHouse\Backend\tests\Entity\UserTest.php" line="165" assertions="1" time="0.000360"/>
        <testcase name="testGetRolesUser" class="App\Tests\UserTest" classname="App.Tests.UserTest" file="C:\Users\Monle\OneDrive\jhessy\IF2I\Projet de fin d'année\Projet AtypikHouse\AtypikHouse\Backend\tests\Entity\UserTest.php" line="171" assertions="1" time="0.000351"/>
        <testcase name="testGetPasswordUser" class="App\Tests\UserTest" classname="App.Tests.UserTest" file="C:\Users\Monle\OneDrive\jhessy\IF2I\Projet de fin d'année\Projet AtypikHouse\AtypikHouse\Backend\tests\Entity\UserTest.php" line="177" assertions="1" time="0.000348"/>
      </testsuite>
    </testsuite>
  </testsuite>
</testsuites>
