<?xml version="1.0" encoding="UTF-8"?>
<testsuites>
  <testsuite name="" tests="48" assertions="131" errors="0" warnings="0" failures="0" skipped="0" time="1.248878">
    <testsuite name="Project default Test Suite" tests="48" assertions="131" errors="0" warnings="0" failures="0" skipped="0" time="1.248878">
      <testsuite name="App\Tests\LodginTest" file="C:\Users\user\OneDrive\jhessy\IF2I\Projet de fin d'année\Projet AtypikHouse\AtypikHouse\Backend\tests\Entity\LodgingTest.php" tests="20" assertions="50" errors="0" warnings="0" failures="0" skipped="0" time="0.464940">
        <testcase name="testValidLodging" class="App\Tests\LodginTest" classname="App.Tests.LodginTest" file="C:\Users\user\OneDrive\jhessy\IF2I\Projet de fin d'année\Projet AtypikHouse\AtypikHouse\Backend\tests\Entity\LodgingTest.php" line="53" assertions="1" time="0.243861"/>
        <testcase name="testGetIdLodging" class="App\Tests\LodginTest" classname="App.Tests.LodginTest" file="C:\Users\user\OneDrive\jhessy\IF2I\Projet de fin d'année\Projet AtypikHouse\AtypikHouse\Backend\tests\Entity\LodgingTest.php" line="61" assertions="1" time="0.000718"/>
        <testcase name="testGetOwnerIdLodging" class="App\Tests\LodginTest" classname="App.Tests.LodginTest" file="C:\Users\user\OneDrive\jhessy\IF2I\Projet de fin d'année\Projet AtypikHouse\AtypikHouse\Backend\tests\Entity\LodgingTest.php" line="71" assertions="1" time="0.000154"/>
        <testcase name="testGetCategoryIdLodging" class="App\Tests\LodginTest" classname="App.Tests.LodginTest" file="C:\Users\user\OneDrive\jhessy\IF2I\Projet de fin d'année\Projet AtypikHouse\AtypikHouse\Backend\tests\Entity\LodgingTest.php" line="78" assertions="1" time="0.000156"/>
        <testcase name="testNameBlankLodging" class="App\Tests\LodginTest" classname="App.Tests.LodginTest" file="C:\Users\user\OneDrive\jhessy\IF2I\Projet de fin d'année\Projet AtypikHouse\AtypikHouse\Backend\tests\Entity\LodgingTest.php" line="87" assertions="6" time="0.036185"/>
        <testcase name="testNameTooShortLodging" class="App\Tests\LodginTest" classname="App.Tests.LodginTest" file="C:\Users\user\OneDrive\jhessy\IF2I\Projet de fin d'année\Projet AtypikHouse\AtypikHouse\Backend\tests\Entity\LodgingTest.php" line="94" assertions="3" time="0.015305"/>
        <testcase name="testNameTooLongLodging" class="App\Tests\LodginTest" classname="App.Tests.LodginTest" file="C:\Users\user\OneDrive\jhessy\IF2I\Projet de fin d'année\Projet AtypikHouse\AtypikHouse\Backend\tests\Entity\LodgingTest.php" line="101" assertions="3" time="0.014255"/>
        <testcase name="testNameWrongCharacterLodging" class="App\Tests\LodginTest" classname="App.Tests.LodginTest" file="C:\Users\user\OneDrive\jhessy\IF2I\Projet de fin d'année\Projet AtypikHouse\AtypikHouse\Backend\tests\Entity\LodgingTest.php" line="107" assertions="3" time="0.015603"/>
        <testcase name="testGetNameLodging" class="App\Tests\LodginTest" classname="App.Tests.LodginTest" file="C:\Users\user\OneDrive\jhessy\IF2I\Projet de fin d'année\Projet AtypikHouse\AtypikHouse\Backend\tests\Entity\LodgingTest.php" line="113" assertions="1" time="0.000178"/>
        <testcase name="testRateTooShorLodging" class="App\Tests\LodginTest" classname="App.Tests.LodginTest" file="C:\Users\user\OneDrive\jhessy\IF2I\Projet de fin d'année\Projet AtypikHouse\AtypikHouse\Backend\tests\Entity\LodgingTest.php" line="123" assertions="3" time="0.015638"/>
        <testcase name="testRateTooHighLodging" class="App\Tests\LodginTest" classname="App.Tests.LodginTest" file="C:\Users\user\OneDrive\jhessy\IF2I\Projet de fin d'année\Projet AtypikHouse\AtypikHouse\Backend\tests\Entity\LodgingTest.php" line="129" assertions="3" time="0.015461"/>
        <testcase name="testRateNotValideDecimalLodging" class="App\Tests\LodginTest" classname="App.Tests.LodginTest" file="C:\Users\user\OneDrive\jhessy\IF2I\Projet de fin d'année\Projet AtypikHouse\AtypikHouse\Backend\tests\Entity\LodgingTest.php" line="135" assertions="3" time="0.015390"/>
        <testcase name="testGetRateLodging" class="App\Tests\LodginTest" classname="App.Tests.LodginTest" file="C:\Users\user\OneDrive\jhessy\IF2I\Projet de fin d'année\Projet AtypikHouse\AtypikHouse\Backend\tests\Entity\LodgingTest.php" line="141" assertions="1" time="0.000238"/>
        <testcase name="testDescriptionBlankLodging" class="App\Tests\LodginTest" classname="App.Tests.LodginTest" file="C:\Users\user\OneDrive\jhessy\IF2I\Projet de fin d'année\Projet AtypikHouse\AtypikHouse\Backend\tests\Entity\LodgingTest.php" line="152" assertions="6" time="0.031788"/>
        <testcase name="testDescriptionTooLongLodging" class="App\Tests\LodginTest" classname="App.Tests.LodginTest" file="C:\Users\user\OneDrive\jhessy\IF2I\Projet de fin d'année\Projet AtypikHouse\AtypikHouse\Backend\tests\Entity\LodgingTest.php" line="159" assertions="3" time="0.015107"/>
        <testcase name="testDescriptionWrongCharacterLodging" class="App\Tests\LodginTest" classname="App.Tests.LodginTest" file="C:\Users\user\OneDrive\jhessy\IF2I\Projet de fin d'année\Projet AtypikHouse\AtypikHouse\Backend\tests\Entity\LodgingTest.php" line="165" assertions="3" time="0.014567"/>
        <testcase name="testGetDescriptionLodging" class="App\Tests\LodginTest" classname="App.Tests.LodginTest" file="C:\Users\user\OneDrive\jhessy\IF2I\Projet de fin d'année\Projet AtypikHouse\AtypikHouse\Backend\tests\Entity\LodgingTest.php" line="171" assertions="1" time="0.000225"/>
        <testcase name="testAdressBlankLodging" class="App\Tests\LodginTest" classname="App.Tests.LodginTest" file="C:\Users\user\OneDrive\jhessy\IF2I\Projet de fin d'année\Projet AtypikHouse\AtypikHouse\Backend\tests\Entity\LodgingTest.php" line="181" assertions="3" time="0.015050"/>
        <testcase name="testAdressTooLongLodging" class="App\Tests\LodginTest" classname="App.Tests.LodginTest" file="C:\Users\user\OneDrive\jhessy\IF2I\Projet de fin d'année\Projet AtypikHouse\AtypikHouse\Backend\tests\Entity\LodgingTest.php" line="187" assertions="3" time="0.014839"/>
        <testcase name="testGetAdressLodging" class="App\Tests\LodginTest" classname="App.Tests.LodginTest" file="C:\Users\user\OneDrive\jhessy\IF2I\Projet de fin d'année\Projet AtypikHouse\AtypikHouse\Backend\tests\Entity\LodgingTest.php" line="193" assertions="1" time="0.000221"/>
      </testsuite>
      <testsuite name="App\Tests\ReviewTest" file="C:\Users\user\OneDrive\jhessy\IF2I\Projet de fin d'année\Projet AtypikHouse\AtypikHouse\Backend\tests\Entity\ReviewTest.php" tests="11" assertions="25" errors="0" warnings="0" failures="0" skipped="0" time="0.324058">
        <testcase name="testValidReview" class="App\Tests\ReviewTest" classname="App.Tests.ReviewTest" file="C:\Users\user\OneDrive\jhessy\IF2I\Projet de fin d'année\Projet AtypikHouse\AtypikHouse\Backend\tests\Entity\ReviewTest.php" line="64" assertions="1" time="0.237910"/>
        <testcase name="testGetIdReview" class="App\Tests\ReviewTest" classname="App.Tests.ReviewTest" file="C:\Users\user\OneDrive\jhessy\IF2I\Projet de fin d'année\Projet AtypikHouse\AtypikHouse\Backend\tests\Entity\ReviewTest.php" line="72" assertions="1" time="0.000403"/>
        <testcase name="testGetOwnerIdReview" class="App\Tests\ReviewTest" classname="App.Tests.ReviewTest" file="C:\Users\user\OneDrive\jhessy\IF2I\Projet de fin d'année\Projet AtypikHouse\AtypikHouse\Backend\tests\Entity\ReviewTest.php" line="82" assertions="1" time="0.000178"/>
        <testcase name="testGetLodgingIdReview" class="App\Tests\ReviewTest" classname="App.Tests.ReviewTest" file="C:\Users\user\OneDrive\jhessy\IF2I\Projet de fin d'année\Projet AtypikHouse\AtypikHouse\Backend\tests\Entity\ReviewTest.php" line="88" assertions="1" time="0.000173"/>
        <testcase name="testGetUserIdReview" class="App\Tests\ReviewTest" classname="App.Tests.ReviewTest" file="C:\Users\user\OneDrive\jhessy\IF2I\Projet de fin d'année\Projet AtypikHouse\AtypikHouse\Backend\tests\Entity\ReviewTest.php" line="94" assertions="1" time="0.000147"/>
        <testcase name="testRatingTooShortReview" class="App\Tests\ReviewTest" classname="App.Tests.ReviewTest" file="C:\Users\user\OneDrive\jhessy\IF2I\Projet de fin d'année\Projet AtypikHouse\AtypikHouse\Backend\tests\Entity\ReviewTest.php" line="103" assertions="6" time="0.043363"/>
        <testcase name="testRatingTooHighReview" class="App\Tests\ReviewTest" classname="App.Tests.ReviewTest" file="C:\Users\user\OneDrive\jhessy\IF2I\Projet de fin d'année\Projet AtypikHouse\AtypikHouse\Backend\tests\Entity\ReviewTest.php" line="110" assertions="6" time="0.020465"/>
        <testcase name="testGetRatingReview" class="App\Tests\ReviewTest" classname="App.Tests.ReviewTest" file="C:\Users\user\OneDrive\jhessy\IF2I\Projet de fin d'année\Projet AtypikHouse\AtypikHouse\Backend\tests\Entity\ReviewTest.php" line="117" assertions="1" time="0.000218"/>
        <testcase name="testReviewTitleTooLongReview" class="App\Tests\ReviewTest" classname="App.Tests.ReviewTest" file="C:\Users\user\OneDrive\jhessy\IF2I\Projet de fin d'année\Projet AtypikHouse\AtypikHouse\Backend\tests\Entity\ReviewTest.php" line="127" assertions="3" time="0.009957"/>
        <testcase name="testReviewTitleWrongCharacterLodging" class="App\Tests\ReviewTest" classname="App.Tests.ReviewTest" file="C:\Users\user\OneDrive\jhessy\IF2I\Projet de fin d'année\Projet AtypikHouse\AtypikHouse\Backend\tests\Entity\ReviewTest.php" line="133" assertions="3" time="0.011040"/>
        <testcase name="testGetReviewTitleReview" class="App\Tests\ReviewTest" classname="App.Tests.ReviewTest" file="C:\Users\user\OneDrive\jhessy\IF2I\Projet de fin d'année\Projet AtypikHouse\AtypikHouse\Backend\tests\Entity\ReviewTest.php" line="139" assertions="1" time="0.000203"/>
      </testsuite>
      <testsuite name="App\Tests\UserTest" file="C:\Users\user\OneDrive\jhessy\IF2I\Projet de fin d'année\Projet AtypikHouse\AtypikHouse\Backend\tests\Entity\UserTest.php" tests="17" assertions="56" errors="0" warnings="0" failures="0" skipped="0" time="0.459880">
        <testcase name="testValidUser" class="App\Tests\UserTest" classname="App.Tests.UserTest" file="C:\Users\user\OneDrive\jhessy\IF2I\Projet de fin d'année\Projet AtypikHouse\AtypikHouse\Backend\tests\Entity\UserTest.php" line="30" assertions="1" time="0.034466"/>
        <testcase name="testFirstNameBlankUser" class="App\Tests\UserTest" classname="App.Tests.UserTest" file="C:\Users\user\OneDrive\jhessy\IF2I\Projet de fin d'année\Projet AtypikHouse\AtypikHouse\Backend\tests\Entity\UserTest.php" line="37" assertions="6" time="0.040857"/>
        <testcase name="testFirstNameWrongTypeUser" class="App\Tests\UserTest" classname="App.Tests.UserTest" file="C:\Users\user\OneDrive\jhessy\IF2I\Projet de fin d'année\Projet AtypikHouse\AtypikHouse\Backend\tests\Entity\UserTest.php" line="44" assertions="3" time="0.020882"/>
        <testcase name="testFirstNameTooShortUser" class="App\Tests\UserTest" classname="App.Tests.UserTest" file="C:\Users\user\OneDrive\jhessy\IF2I\Projet de fin d'année\Projet AtypikHouse\AtypikHouse\Backend\tests\Entity\UserTest.php" line="50" assertions="3" time="0.022066"/>
        <testcase name="testFirstNameTooLongUser" class="App\Tests\UserTest" classname="App.Tests.UserTest" file="C:\Users\user\OneDrive\jhessy\IF2I\Projet de fin d'année\Projet AtypikHouse\AtypikHouse\Backend\tests\Entity\UserTest.php" line="56" assertions="3" time="0.022180"/>
        <testcase name="testFirstNameWrongCharacterUser" class="App\Tests\UserTest" classname="App.Tests.UserTest" file="C:\Users\user\OneDrive\jhessy\IF2I\Projet de fin d'année\Projet AtypikHouse\AtypikHouse\Backend\tests\Entity\UserTest.php" line="62" assertions="3" time="0.022115"/>
        <testcase name="testLastNameBlankUser" class="App\Tests\UserTest" classname="App.Tests.UserTest" file="C:\Users\user\OneDrive\jhessy\IF2I\Projet de fin d'année\Projet AtypikHouse\AtypikHouse\Backend\tests\Entity\UserTest.php" line="69" assertions="6" time="0.045728"/>
        <testcase name="testLastNameWrongTypeUser" class="App\Tests\UserTest" classname="App.Tests.UserTest" file="C:\Users\user\OneDrive\jhessy\IF2I\Projet de fin d'année\Projet AtypikHouse\AtypikHouse\Backend\tests\Entity\UserTest.php" line="76" assertions="3" time="0.022212"/>
        <testcase name="testLastNameTooShortUser" class="App\Tests\UserTest" classname="App.Tests.UserTest" file="C:\Users\user\OneDrive\jhessy\IF2I\Projet de fin d'année\Projet AtypikHouse\AtypikHouse\Backend\tests\Entity\UserTest.php" line="82" assertions="3" time="0.021774"/>
        <testcase name="testLastNameTooLongUser" class="App\Tests\UserTest" classname="App.Tests.UserTest" file="C:\Users\user\OneDrive\jhessy\IF2I\Projet de fin d'année\Projet AtypikHouse\AtypikHouse\Backend\tests\Entity\UserTest.php" line="88" assertions="3" time="0.022304"/>
        <testcase name="testLastNameWrongCharacterUser" class="App\Tests\UserTest" classname="App.Tests.UserTest" file="C:\Users\user\OneDrive\jhessy\IF2I\Projet de fin d'année\Projet AtypikHouse\AtypikHouse\Backend\tests\Entity\UserTest.php" line="94" assertions="3" time="0.022742"/>
        <testcase name="testEmailBlankUser" class="App\Tests\UserTest" classname="App.Tests.UserTest" file="C:\Users\user\OneDrive\jhessy\IF2I\Projet de fin d'année\Projet AtypikHouse\AtypikHouse\Backend\tests\Entity\UserTest.php" line="101" assertions="3" time="0.022727"/>
        <testcase name="testEmailWrongPatternUser" class="App\Tests\UserTest" classname="App.Tests.UserTest" file="C:\Users\user\OneDrive\jhessy\IF2I\Projet de fin d'année\Projet AtypikHouse\AtypikHouse\Backend\tests\Entity\UserTest.php" line="106" assertions="3" time="0.023728"/>
        <testcase name="testPasswordBlankUser" class="App\Tests\UserTest" classname="App.Tests.UserTest" file="C:\Users\user\OneDrive\jhessy\IF2I\Projet de fin d'année\Projet AtypikHouse\AtypikHouse\Backend\tests\Entity\UserTest.php" line="113" assertions="6" time="0.046128"/>
        <testcase name="testPasswordTooShortUser" class="App\Tests\UserTest" classname="App.Tests.UserTest" file="C:\Users\user\OneDrive\jhessy\IF2I\Projet de fin d'année\Projet AtypikHouse\AtypikHouse\Backend\tests\Entity\UserTest.php" line="119" assertions="3" time="0.023195"/>
        <testcase name="testPhotoBlankUser" class="App\Tests\UserTest" classname="App.Tests.UserTest" file="C:\Users\user\OneDrive\jhessy\IF2I\Projet de fin d'année\Projet AtypikHouse\AtypikHouse\Backend\tests\Entity\UserTest.php" line="126" assertions="1" time="0.023736"/>
        <testcase name="testPhotoWrongFormatUser" class="App\Tests\UserTest" classname="App.Tests.UserTest" file="C:\Users\user\OneDrive\jhessy\IF2I\Projet de fin d'année\Projet AtypikHouse\AtypikHouse\Backend\tests\Entity\UserTest.php" line="131" assertions="3" time="0.023041"/>
      </testsuite>
    </testsuite>
  </testsuite>
</testsuites>
