<?xml version="1.0" encoding="UTF-8"?>
<testsuites>
  <testsuite name="" tests="88" assertions="175" errors="0" warnings="0" failures="0" skipped="0" time="1.109190">
    <testsuite name="Project default Test Suite" tests="88" assertions="175" errors="0" warnings="0" failures="0" skipped="0" time="1.109190">
      <testsuite name="App\Tests\LodginTest" file="C:\Users\user\OneDrive\jhessy\IF2I\Projet de fin d'année\Projet AtypikHouse\AtypikHouse\Backend\tests\Entity\LodgingTest.php" tests="22" assertions="52" errors="0" warnings="0" failures="0" skipped="0" time="0.462460">
        <testcase name="testValidLodging" class="App\Tests\LodginTest" classname="App.Tests.LodginTest" file="C:\Users\user\OneDrive\jhessy\IF2I\Projet de fin d'année\Projet AtypikHouse\AtypikHouse\Backend\tests\Entity\LodgingTest.php" line="53" assertions="1" time="0.240168"/>
        <testcase name="testGetIdLodging" class="App\Tests\LodginTest" classname="App.Tests.LodginTest" file="C:\Users\user\OneDrive\jhessy\IF2I\Projet de fin d'année\Projet AtypikHouse\AtypikHouse\Backend\tests\Entity\LodgingTest.php" line="61" assertions="1" time="0.000766"/>
        <testcase name="testGetOwnerIdLodging" class="App\Tests\LodginTest" classname="App.Tests.LodginTest" file="C:\Users\user\OneDrive\jhessy\IF2I\Projet de fin d'année\Projet AtypikHouse\AtypikHouse\Backend\tests\Entity\LodgingTest.php" line="71" assertions="1" time="0.000163"/>
        <testcase name="testGetCategoryIdLodging" class="App\Tests\LodginTest" classname="App.Tests.LodginTest" file="C:\Users\user\OneDrive\jhessy\IF2I\Projet de fin d'année\Projet AtypikHouse\AtypikHouse\Backend\tests\Entity\LodgingTest.php" line="78" assertions="1" time="0.000144"/>
        <testcase name="testNameBlankLodging" class="App\Tests\LodginTest" classname="App.Tests.LodginTest" file="C:\Users\user\OneDrive\jhessy\IF2I\Projet de fin d'année\Projet AtypikHouse\AtypikHouse\Backend\tests\Entity\LodgingTest.php" line="87" assertions="6" time="0.035561"/>
        <testcase name="testNameTooShortLodging" class="App\Tests\LodginTest" classname="App.Tests.LodginTest" file="C:\Users\user\OneDrive\jhessy\IF2I\Projet de fin d'année\Projet AtypikHouse\AtypikHouse\Backend\tests\Entity\LodgingTest.php" line="94" assertions="3" time="0.016688"/>
        <testcase name="testNameTooLongLodging" class="App\Tests\LodginTest" classname="App.Tests.LodginTest" file="C:\Users\user\OneDrive\jhessy\IF2I\Projet de fin d'année\Projet AtypikHouse\AtypikHouse\Backend\tests\Entity\LodgingTest.php" line="101" assertions="3" time="0.014642"/>
        <testcase name="testNameWrongCharacterLodging" class="App\Tests\LodginTest" classname="App.Tests.LodginTest" file="C:\Users\user\OneDrive\jhessy\IF2I\Projet de fin d'année\Projet AtypikHouse\AtypikHouse\Backend\tests\Entity\LodgingTest.php" line="107" assertions="3" time="0.015561"/>
        <testcase name="testGetNameLodging" class="App\Tests\LodginTest" classname="App.Tests.LodginTest" file="C:\Users\user\OneDrive\jhessy\IF2I\Projet de fin d'année\Projet AtypikHouse\AtypikHouse\Backend\tests\Entity\LodgingTest.php" line="113" assertions="1" time="0.000205"/>
        <testcase name="testRateTooShorLodging" class="App\Tests\LodginTest" classname="App.Tests.LodginTest" file="C:\Users\user\OneDrive\jhessy\IF2I\Projet de fin d'année\Projet AtypikHouse\AtypikHouse\Backend\tests\Entity\LodgingTest.php" line="123" assertions="3" time="0.014941"/>
        <testcase name="testRateTooHighLodging" class="App\Tests\LodginTest" classname="App.Tests.LodginTest" file="C:\Users\user\OneDrive\jhessy\IF2I\Projet de fin d'année\Projet AtypikHouse\AtypikHouse\Backend\tests\Entity\LodgingTest.php" line="129" assertions="3" time="0.015160"/>
        <testcase name="testRateNotValideDecimalLodging" class="App\Tests\LodginTest" classname="App.Tests.LodginTest" file="C:\Users\user\OneDrive\jhessy\IF2I\Projet de fin d'année\Projet AtypikHouse\AtypikHouse\Backend\tests\Entity\LodgingTest.php" line="135" assertions="3" time="0.014762"/>
        <testcase name="testGetRateLodging" class="App\Tests\LodginTest" classname="App.Tests.LodginTest" file="C:\Users\user\OneDrive\jhessy\IF2I\Projet de fin d'année\Projet AtypikHouse\AtypikHouse\Backend\tests\Entity\LodgingTest.php" line="141" assertions="1" time="0.000225"/>
        <testcase name="testDescriptionBlankLodging" class="App\Tests\LodginTest" classname="App.Tests.LodginTest" file="C:\Users\user\OneDrive\jhessy\IF2I\Projet de fin d'année\Projet AtypikHouse\AtypikHouse\Backend\tests\Entity\LodgingTest.php" line="152" assertions="6" time="0.029937"/>
        <testcase name="testDescriptionTooLongLodging" class="App\Tests\LodginTest" classname="App.Tests.LodginTest" file="C:\Users\user\OneDrive\jhessy\IF2I\Projet de fin d'année\Projet AtypikHouse\AtypikHouse\Backend\tests\Entity\LodgingTest.php" line="159" assertions="3" time="0.015324"/>
        <testcase name="testDescriptionWrongCharacterLodging" class="App\Tests\LodginTest" classname="App.Tests.LodginTest" file="C:\Users\user\OneDrive\jhessy\IF2I\Projet de fin d'année\Projet AtypikHouse\AtypikHouse\Backend\tests\Entity\LodgingTest.php" line="165" assertions="3" time="0.014204"/>
        <testcase name="testGetDescriptionLodging" class="App\Tests\LodginTest" classname="App.Tests.LodginTest" file="C:\Users\user\OneDrive\jhessy\IF2I\Projet de fin d'année\Projet AtypikHouse\AtypikHouse\Backend\tests\Entity\LodgingTest.php" line="171" assertions="1" time="0.000205"/>
        <testcase name="testAdressBlankLodging" class="App\Tests\LodginTest" classname="App.Tests.LodginTest" file="C:\Users\user\OneDrive\jhessy\IF2I\Projet de fin d'année\Projet AtypikHouse\AtypikHouse\Backend\tests\Entity\LodgingTest.php" line="181" assertions="3" time="0.016457"/>
        <testcase name="testAdressTooLongLodging" class="App\Tests\LodginTest" classname="App.Tests.LodginTest" file="C:\Users\user\OneDrive\jhessy\IF2I\Projet de fin d'année\Projet AtypikHouse\AtypikHouse\Backend\tests\Entity\LodgingTest.php" line="187" assertions="3" time="0.016087"/>
        <testcase name="testGetAdressLodging" class="App\Tests\LodginTest" classname="App.Tests.LodginTest" file="C:\Users\user\OneDrive\jhessy\IF2I\Projet de fin d'année\Projet AtypikHouse\AtypikHouse\Backend\tests\Entity\LodgingTest.php" line="193" assertions="1" time="0.000222"/>
        <testcase name="testGetCreatedAtLodging" class="App\Tests\LodginTest" classname="App.Tests.LodginTest" file="C:\Users\user\OneDrive\jhessy\IF2I\Projet de fin d'année\Projet AtypikHouse\AtypikHouse\Backend\tests\Entity\LodgingTest.php" line="202" assertions="1" time="0.000808"/>
        <testcase name="testGetUpdatedAtLodging" class="App\Tests\LodginTest" classname="App.Tests.LodginTest" file="C:\Users\user\OneDrive\jhessy\IF2I\Projet de fin d'année\Projet AtypikHouse\AtypikHouse\Backend\tests\Entity\LodgingTest.php" line="208" assertions="1" time="0.000232"/>
      </testsuite>
      <testsuite name="App\Tests\MediaTest" file="C:\Users\user\OneDrive\jhessy\IF2I\Projet de fin d'année\Projet AtypikHouse\AtypikHouse\Backend\tests\Entity\MediaTest.php" tests="5" assertions="5" errors="0" warnings="0" failures="0" skipped="0" time="0.012672">
        <testcase name="testValidMedia" class="App\Tests\MediaTest" classname="App.Tests.MediaTest" file="C:\Users\user\OneDrive\jhessy\IF2I\Projet de fin d'année\Projet AtypikHouse\AtypikHouse\Backend\tests\Entity\MediaTest.php" line="53" assertions="1" time="0.012049"/>
        <testcase name="testGetIdMedia" class="App\Tests\MediaTest" classname="App.Tests.MediaTest" file="C:\Users\user\OneDrive\jhessy\IF2I\Projet de fin d'année\Projet AtypikHouse\AtypikHouse\Backend\tests\Entity\MediaTest.php" line="59" assertions="1" time="0.000215"/>
        <testcase name="testGetLinkMedia" class="App\Tests\MediaTest" classname="App.Tests.MediaTest" file="C:\Users\user\OneDrive\jhessy\IF2I\Projet de fin d'année\Projet AtypikHouse\AtypikHouse\Backend\tests\Entity\MediaTest.php" line="65" assertions="1" time="0.000136"/>
        <testcase name="testGetMediaTypeMedia" class="App\Tests\MediaTest" classname="App.Tests.MediaTest" file="C:\Users\user\OneDrive\jhessy\IF2I\Projet de fin d'année\Projet AtypikHouse\AtypikHouse\Backend\tests\Entity\MediaTest.php" line="71" assertions="1" time="0.000132"/>
        <testcase name="testGetLodgingIdMedia" class="App\Tests\MediaTest" classname="App.Tests.MediaTest" file="C:\Users\user\OneDrive\jhessy\IF2I\Projet de fin d'année\Projet AtypikHouse\AtypikHouse\Backend\tests\Entity\MediaTest.php" line="77" assertions="1" time="0.000140"/>
      </testsuite>
      <testsuite name="App\Tests\MessageTest" file="C:\Users\user\OneDrive\jhessy\IF2I\Projet de fin d'année\Projet AtypikHouse\AtypikHouse\Backend\tests\Entity\MessageTest.php" tests="7" assertions="7" errors="0" warnings="0" failures="0" skipped="0" time="0.016010">
        <testcase name="testValidMessage" class="App\Tests\MessageTest" classname="App.Tests.MessageTest" file="C:\Users\user\OneDrive\jhessy\IF2I\Projet de fin d'année\Projet AtypikHouse\AtypikHouse\Backend\tests\Entity\MessageTest.php" line="51" assertions="1" time="0.014981"/>
        <testcase name="testGetIdMessage" class="App\Tests\MessageTest" classname="App.Tests.MessageTest" file="C:\Users\user\OneDrive\jhessy\IF2I\Projet de fin d'année\Projet AtypikHouse\AtypikHouse\Backend\tests\Entity\MessageTest.php" line="57" assertions="1" time="0.000187"/>
        <testcase name="testGetMessageContentMessage" class="App\Tests\MessageTest" classname="App.Tests.MessageTest" file="C:\Users\user\OneDrive\jhessy\IF2I\Projet de fin d'année\Projet AtypikHouse\AtypikHouse\Backend\tests\Entity\MessageTest.php" line="63" assertions="1" time="0.000137"/>
        <testcase name="testGetCreatedAtMessage" class="App\Tests\MessageTest" classname="App.Tests.MessageTest" file="C:\Users\user\OneDrive\jhessy\IF2I\Projet de fin d'année\Projet AtypikHouse\AtypikHouse\Backend\tests\Entity\MessageTest.php" line="69" assertions="1" time="0.000212"/>
        <testcase name="testGetUpdatedAtMessage" class="App\Tests\MessageTest" classname="App.Tests.MessageTest" file="C:\Users\user\OneDrive\jhessy\IF2I\Projet de fin d'année\Projet AtypikHouse\AtypikHouse\Backend\tests\Entity\MessageTest.php" line="76" assertions="1" time="0.000184"/>
        <testcase name="testGetUserIdMessage" class="App\Tests\MessageTest" classname="App.Tests.MessageTest" file="C:\Users\user\OneDrive\jhessy\IF2I\Projet de fin d'année\Projet AtypikHouse\AtypikHouse\Backend\tests\Entity\MessageTest.php" line="83" assertions="1" time="0.000158"/>
        <testcase name="testGetOwnerIdMessage" class="App\Tests\MessageTest" classname="App.Tests.MessageTest" file="C:\Users\user\OneDrive\jhessy\IF2I\Projet de fin d'année\Projet AtypikHouse\AtypikHouse\Backend\tests\Entity\MessageTest.php" line="89" assertions="1" time="0.000151"/>
      </testsuite>
      <testsuite name="App\Tests\OwnerTest" file="C:\Users\user\OneDrive\jhessy\IF2I\Projet de fin d'année\Projet AtypikHouse\AtypikHouse\Backend\tests\Entity\OwnerTest.php" tests="3" assertions="3" errors="0" warnings="0" failures="0" skipped="0" time="0.008015">
        <testcase name="testValidOwner" class="App\Tests\OwnerTest" classname="App.Tests.OwnerTest" file="C:\Users\user\OneDrive\jhessy\IF2I\Projet de fin d'année\Projet AtypikHouse\AtypikHouse\Backend\tests\Entity\OwnerTest.php" line="34" assertions="1" time="0.007572"/>
        <testcase name="testGetIdOwner" class="App\Tests\OwnerTest" classname="App.Tests.OwnerTest" file="C:\Users\user\OneDrive\jhessy\IF2I\Projet de fin d'année\Projet AtypikHouse\AtypikHouse\Backend\tests\Entity\OwnerTest.php" line="40" assertions="1" time="0.000259"/>
        <testcase name="testGetUserIdOwner" class="App\Tests\OwnerTest" classname="App.Tests.OwnerTest" file="C:\Users\user\OneDrive\jhessy\IF2I\Projet de fin d'année\Projet AtypikHouse\AtypikHouse\Backend\tests\Entity\OwnerTest.php" line="46" assertions="1" time="0.000185"/>
      </testsuite>
      <testsuite name="App\Tests\ReservationTest" file="C:\Users\user\OneDrive\jhessy\IF2I\Projet de fin d'année\Projet AtypikHouse\AtypikHouse\Backend\tests\Entity\ReservationTest.php" tests="10" assertions="10" errors="0" warnings="0" failures="0" skipped="0" time="0.023110">
        <testcase name="testValidReservation" class="App\Tests\ReservationTest" classname="App.Tests.ReservationTest" file="C:\Users\user\OneDrive\jhessy\IF2I\Projet de fin d'année\Projet AtypikHouse\AtypikHouse\Backend\tests\Entity\ReservationTest.php" line="58" assertions="1" time="0.021552"/>
        <testcase name="testGetIdReservation" class="App\Tests\ReservationTest" classname="App.Tests.ReservationTest" file="C:\Users\user\OneDrive\jhessy\IF2I\Projet de fin d'année\Projet AtypikHouse\AtypikHouse\Backend\tests\Entity\ReservationTest.php" line="64" assertions="1" time="0.000204"/>
        <testcase name="testGetPriceMessage" class="App\Tests\ReservationTest" classname="App.Tests.ReservationTest" file="C:\Users\user\OneDrive\jhessy\IF2I\Projet de fin d'année\Projet AtypikHouse\AtypikHouse\Backend\tests\Entity\ReservationTest.php" line="70" assertions="1" time="0.000172"/>
        <testcase name="testGetStartDateReservation" class="App\Tests\ReservationTest" classname="App.Tests.ReservationTest" file="C:\Users\user\OneDrive\jhessy\IF2I\Projet de fin d'année\Projet AtypikHouse\AtypikHouse\Backend\tests\Entity\ReservationTest.php" line="78" assertions="1" time="0.000176"/>
        <testcase name="testGetEndDateReservation" class="App\Tests\ReservationTest" classname="App.Tests.ReservationTest" file="C:\Users\user\OneDrive\jhessy\IF2I\Projet de fin d'année\Projet AtypikHouse\AtypikHouse\Backend\tests\Entity\ReservationTest.php" line="84" assertions="1" time="0.000171"/>
        <testcase name="testGetPaidReservation" class="App\Tests\ReservationTest" classname="App.Tests.ReservationTest" file="C:\Users\user\OneDrive\jhessy\IF2I\Projet de fin d'année\Projet AtypikHouse\AtypikHouse\Backend\tests\Entity\ReservationTest.php" line="91" assertions="1" time="0.000144"/>
        <testcase name="testGetCreatedAtReservation" class="App\Tests\ReservationTest" classname="App.Tests.ReservationTest" file="C:\Users\user\OneDrive\jhessy\IF2I\Projet de fin d'année\Projet AtypikHouse\AtypikHouse\Backend\tests\Entity\ReservationTest.php" line="98" assertions="1" time="0.000165"/>
        <testcase name="testGetUpdatedAtReservation" class="App\Tests\ReservationTest" classname="App.Tests.ReservationTest" file="C:\Users\user\OneDrive\jhessy\IF2I\Projet de fin d'année\Projet AtypikHouse\AtypikHouse\Backend\tests\Entity\ReservationTest.php" line="105" assertions="1" time="0.000183"/>
        <testcase name="testGetUserIdReservation" class="App\Tests\ReservationTest" classname="App.Tests.ReservationTest" file="C:\Users\user\OneDrive\jhessy\IF2I\Projet de fin d'année\Projet AtypikHouse\AtypikHouse\Backend\tests\Entity\ReservationTest.php" line="113" assertions="1" time="0.000160"/>
        <testcase name="testGetLodgingIdReservation" class="App\Tests\ReservationTest" classname="App.Tests.ReservationTest" file="C:\Users\user\OneDrive\jhessy\IF2I\Projet de fin d'année\Projet AtypikHouse\AtypikHouse\Backend\tests\Entity\ReservationTest.php" line="120" assertions="1" time="0.000182"/>
      </testsuite>
      <testsuite name="App\Tests\ReviewTest" file="C:\Users\user\OneDrive\jhessy\IF2I\Projet de fin d'année\Projet AtypikHouse\AtypikHouse\Backend\tests\Entity\ReviewTest.php" tests="16" assertions="34" errors="0" warnings="0" failures="0" skipped="0" time="0.108691">
        <testcase name="testValidReview" class="App\Tests\ReviewTest" classname="App.Tests.ReviewTest" file="C:\Users\user\OneDrive\jhessy\IF2I\Projet de fin d'année\Projet AtypikHouse\AtypikHouse\Backend\tests\Entity\ReviewTest.php" line="64" assertions="1" time="0.021061"/>
        <testcase name="testGetIdReview" class="App\Tests\ReviewTest" classname="App.Tests.ReviewTest" file="C:\Users\user\OneDrive\jhessy\IF2I\Projet de fin d'année\Projet AtypikHouse\AtypikHouse\Backend\tests\Entity\ReviewTest.php" line="72" assertions="1" time="0.000333"/>
        <testcase name="testGetOwnerIdReview" class="App\Tests\ReviewTest" classname="App.Tests.ReviewTest" file="C:\Users\user\OneDrive\jhessy\IF2I\Projet de fin d'année\Projet AtypikHouse\AtypikHouse\Backend\tests\Entity\ReviewTest.php" line="82" assertions="1" time="0.000255"/>
        <testcase name="testGetLodgingIdReview" class="App\Tests\ReviewTest" classname="App.Tests.ReviewTest" file="C:\Users\user\OneDrive\jhessy\IF2I\Projet de fin d'année\Projet AtypikHouse\AtypikHouse\Backend\tests\Entity\ReviewTest.php" line="88" assertions="1" time="0.000250"/>
        <testcase name="testGetUserIdReview" class="App\Tests\ReviewTest" classname="App.Tests.ReviewTest" file="C:\Users\user\OneDrive\jhessy\IF2I\Projet de fin d'année\Projet AtypikHouse\AtypikHouse\Backend\tests\Entity\ReviewTest.php" line="94" assertions="1" time="0.000155"/>
        <testcase name="testRatingTooShortReview" class="App\Tests\ReviewTest" classname="App.Tests.ReviewTest" file="C:\Users\user\OneDrive\jhessy\IF2I\Projet de fin d'année\Projet AtypikHouse\AtypikHouse\Backend\tests\Entity\ReviewTest.php" line="103" assertions="6" time="0.020869"/>
        <testcase name="testRatingTooHighReview" class="App\Tests\ReviewTest" classname="App.Tests.ReviewTest" file="C:\Users\user\OneDrive\jhessy\IF2I\Projet de fin d'année\Projet AtypikHouse\AtypikHouse\Backend\tests\Entity\ReviewTest.php" line="110" assertions="6" time="0.022030"/>
        <testcase name="testGetRatingReview" class="App\Tests\ReviewTest" classname="App.Tests.ReviewTest" file="C:\Users\user\OneDrive\jhessy\IF2I\Projet de fin d'année\Projet AtypikHouse\AtypikHouse\Backend\tests\Entity\ReviewTest.php" line="117" assertions="1" time="0.000217"/>
        <testcase name="testTitleTooLongReview" class="App\Tests\ReviewTest" classname="App.Tests.ReviewTest" file="C:\Users\user\OneDrive\jhessy\IF2I\Projet de fin d'année\Projet AtypikHouse\AtypikHouse\Backend\tests\Entity\ReviewTest.php" line="127" assertions="3" time="0.010178"/>
        <testcase name="testTitleWrongCharacterReview" class="App\Tests\ReviewTest" classname="App.Tests.ReviewTest" file="C:\Users\user\OneDrive\jhessy\IF2I\Projet de fin d'année\Projet AtypikHouse\AtypikHouse\Backend\tests\Entity\ReviewTest.php" line="133" assertions="3" time="0.010934"/>
        <testcase name="testGetTitleReview" class="App\Tests\ReviewTest" classname="App.Tests.ReviewTest" file="C:\Users\user\OneDrive\jhessy\IF2I\Projet de fin d'année\Projet AtypikHouse\AtypikHouse\Backend\tests\Entity\ReviewTest.php" line="139" assertions="1" time="0.000214"/>
        <testcase name="testDescriptionTooLongReview" class="App\Tests\ReviewTest" classname="App.Tests.ReviewTest" file="C:\Users\user\OneDrive\jhessy\IF2I\Projet de fin d'année\Projet AtypikHouse\AtypikHouse\Backend\tests\Entity\ReviewTest.php" line="148" assertions="3" time="0.010211"/>
        <testcase name="testDescriptionWrongCharacterReview" class="App\Tests\ReviewTest" classname="App.Tests.ReviewTest" file="C:\Users\user\OneDrive\jhessy\IF2I\Projet de fin d'année\Projet AtypikHouse\AtypikHouse\Backend\tests\Entity\ReviewTest.php" line="154" assertions="3" time="0.011171"/>
        <testcase name="testGetDescriptionReview" class="App\Tests\ReviewTest" classname="App.Tests.ReviewTest" file="C:\Users\user\OneDrive\jhessy\IF2I\Projet de fin d'année\Projet AtypikHouse\AtypikHouse\Backend\tests\Entity\ReviewTest.php" line="160" assertions="1" time="0.000273"/>
        <testcase name="testGetCreatedAtReview" class="App\Tests\ReviewTest" classname="App.Tests.ReviewTest" file="C:\Users\user\OneDrive\jhessy\IF2I\Projet de fin d'année\Projet AtypikHouse\AtypikHouse\Backend\tests\Entity\ReviewTest.php" line="169" assertions="1" time="0.000258"/>
        <testcase name="testGetUpdatedAtReview" class="App\Tests\ReviewTest" classname="App.Tests.ReviewTest" file="C:\Users\user\OneDrive\jhessy\IF2I\Projet de fin d'année\Projet AtypikHouse\AtypikHouse\Backend\tests\Entity\ReviewTest.php" line="175" assertions="1" time="0.000281"/>
      </testsuite>
      <testsuite name="App\Tests\UserTest" file="C:\Users\user\OneDrive\jhessy\IF2I\Projet de fin d'année\Projet AtypikHouse\AtypikHouse\Backend\tests\Entity\UserTest.php" tests="25" assertions="64" errors="0" warnings="0" failures="0" skipped="0" time="0.478231">
        <testcase name="testValidUser" class="App\Tests\UserTest" classname="App.Tests.UserTest" file="C:\Users\user\OneDrive\jhessy\IF2I\Projet de fin d'année\Projet AtypikHouse\AtypikHouse\Backend\tests\Entity\UserTest.php" line="31" assertions="1" time="0.035177"/>
        <testcase name="testGetIdUser" class="App\Tests\UserTest" classname="App.Tests.UserTest" file="C:\Users\user\OneDrive\jhessy\IF2I\Projet de fin d'année\Projet AtypikHouse\AtypikHouse\Backend\tests\Entity\UserTest.php" line="38" assertions="1" time="0.000186"/>
        <testcase name="testFirstNameBlankUser" class="App\Tests\UserTest" classname="App.Tests.UserTest" file="C:\Users\user\OneDrive\jhessy\IF2I\Projet de fin d'année\Projet AtypikHouse\AtypikHouse\Backend\tests\Entity\UserTest.php" line="45" assertions="6" time="0.045058"/>
        <testcase name="testFirstNameWrongTypeUser" class="App\Tests\UserTest" classname="App.Tests.UserTest" file="C:\Users\user\OneDrive\jhessy\IF2I\Projet de fin d'année\Projet AtypikHouse\AtypikHouse\Backend\tests\Entity\UserTest.php" line="52" assertions="3" time="0.022216"/>
        <testcase name="testFirstNameTooShortUser" class="App\Tests\UserTest" classname="App.Tests.UserTest" file="C:\Users\user\OneDrive\jhessy\IF2I\Projet de fin d'année\Projet AtypikHouse\AtypikHouse\Backend\tests\Entity\UserTest.php" line="58" assertions="3" time="0.022207"/>
        <testcase name="testFirstNameTooLongUser" class="App\Tests\UserTest" classname="App.Tests.UserTest" file="C:\Users\user\OneDrive\jhessy\IF2I\Projet de fin d'année\Projet AtypikHouse\AtypikHouse\Backend\tests\Entity\UserTest.php" line="64" assertions="3" time="0.022371"/>
        <testcase name="testFirstNameWrongCharacterUser" class="App\Tests\UserTest" classname="App.Tests.UserTest" file="C:\Users\user\OneDrive\jhessy\IF2I\Projet de fin d'année\Projet AtypikHouse\AtypikHouse\Backend\tests\Entity\UserTest.php" line="70" assertions="3" time="0.022048"/>
        <testcase name="testGetFirstNameUser" class="App\Tests\UserTest" classname="App.Tests.UserTest" file="C:\Users\user\OneDrive\jhessy\IF2I\Projet de fin d'année\Projet AtypikHouse\AtypikHouse\Backend\tests\Entity\UserTest.php" line="75" assertions="1" time="0.000199"/>
        <testcase name="testLastNameBlankUser" class="App\Tests\UserTest" classname="App.Tests.UserTest" file="C:\Users\user\OneDrive\jhessy\IF2I\Projet de fin d'année\Projet AtypikHouse\AtypikHouse\Backend\tests\Entity\UserTest.php" line="82" assertions="6" time="0.045163"/>
        <testcase name="testLastNameWrongTypeUser" class="App\Tests\UserTest" classname="App.Tests.UserTest" file="C:\Users\user\OneDrive\jhessy\IF2I\Projet de fin d'année\Projet AtypikHouse\AtypikHouse\Backend\tests\Entity\UserTest.php" line="89" assertions="3" time="0.023164"/>
        <testcase name="testLastNameTooShortUser" class="App\Tests\UserTest" classname="App.Tests.UserTest" file="C:\Users\user\OneDrive\jhessy\IF2I\Projet de fin d'année\Projet AtypikHouse\AtypikHouse\Backend\tests\Entity\UserTest.php" line="95" assertions="3" time="0.026265"/>
        <testcase name="testLastNameTooLongUser" class="App\Tests\UserTest" classname="App.Tests.UserTest" file="C:\Users\user\OneDrive\jhessy\IF2I\Projet de fin d'année\Projet AtypikHouse\AtypikHouse\Backend\tests\Entity\UserTest.php" line="101" assertions="3" time="0.022597"/>
        <testcase name="testLastNameWrongCharacterUser" class="App\Tests\UserTest" classname="App.Tests.UserTest" file="C:\Users\user\OneDrive\jhessy\IF2I\Projet de fin d'année\Projet AtypikHouse\AtypikHouse\Backend\tests\Entity\UserTest.php" line="107" assertions="3" time="0.025370"/>
        <testcase name="testGetLastNameUser" class="App\Tests\UserTest" classname="App.Tests.UserTest" file="C:\Users\user\OneDrive\jhessy\IF2I\Projet de fin d'année\Projet AtypikHouse\AtypikHouse\Backend\tests\Entity\UserTest.php" line="112" assertions="1" time="0.000175"/>
        <testcase name="testEmailBlankUser" class="App\Tests\UserTest" classname="App.Tests.UserTest" file="C:\Users\user\OneDrive\jhessy\IF2I\Projet de fin d'année\Projet AtypikHouse\AtypikHouse\Backend\tests\Entity\UserTest.php" line="119" assertions="3" time="0.023667"/>
        <testcase name="testEmailWrongPatternUser" class="App\Tests\UserTest" classname="App.Tests.UserTest" file="C:\Users\user\OneDrive\jhessy\IF2I\Projet de fin d'année\Projet AtypikHouse\AtypikHouse\Backend\tests\Entity\UserTest.php" line="124" assertions="3" time="0.023880"/>
        <testcase name="testGetEmailUser" class="App\Tests\UserTest" classname="App.Tests.UserTest" file="C:\Users\user\OneDrive\jhessy\IF2I\Projet de fin d'année\Projet AtypikHouse\AtypikHouse\Backend\tests\Entity\UserTest.php" line="129" assertions="1" time="0.000195"/>
        <testcase name="testPasswordBlankUser" class="App\Tests\UserTest" classname="App.Tests.UserTest" file="C:\Users\user\OneDrive\jhessy\IF2I\Projet de fin d'année\Projet AtypikHouse\AtypikHouse\Backend\tests\Entity\UserTest.php" line="136" assertions="6" time="0.047014"/>
        <testcase name="testPasswordTooShortUser" class="App\Tests\UserTest" classname="App.Tests.UserTest" file="C:\Users\user\OneDrive\jhessy\IF2I\Projet de fin d'année\Projet AtypikHouse\AtypikHouse\Backend\tests\Entity\UserTest.php" line="142" assertions="3" time="0.023577"/>
        <testcase name="testPhotoBlankUser" class="App\Tests\UserTest" classname="App.Tests.UserTest" file="C:\Users\user\OneDrive\jhessy\IF2I\Projet de fin d'année\Projet AtypikHouse\AtypikHouse\Backend\tests\Entity\UserTest.php" line="149" assertions="1" time="0.023856"/>
        <testcase name="testPhotoWrongFormatUser" class="App\Tests\UserTest" classname="App.Tests.UserTest" file="C:\Users\user\OneDrive\jhessy\IF2I\Projet de fin d'année\Projet AtypikHouse\AtypikHouse\Backend\tests\Entity\UserTest.php" line="154" assertions="3" time="0.023290"/>
        <testcase name="testGetPhotoUser" class="App\Tests\UserTest" classname="App.Tests.UserTest" file="C:\Users\user\OneDrive\jhessy\IF2I\Projet de fin d'année\Projet AtypikHouse\AtypikHouse\Backend\tests\Entity\UserTest.php" line="159" assertions="1" time="0.000189"/>
        <testcase name="testGetUserIdentifierUser" class="App\Tests\UserTest" classname="App.Tests.UserTest" file="C:\Users\user\OneDrive\jhessy\IF2I\Projet de fin d'année\Projet AtypikHouse\AtypikHouse\Backend\tests\Entity\UserTest.php" line="165" assertions="1" time="0.000125"/>
        <testcase name="testGetRolesUser" class="App\Tests\UserTest" classname="App.Tests.UserTest" file="C:\Users\user\OneDrive\jhessy\IF2I\Projet de fin d'année\Projet AtypikHouse\AtypikHouse\Backend\tests\Entity\UserTest.php" line="171" assertions="1" time="0.000121"/>
        <testcase name="testGetPasswordUser" class="App\Tests\UserTest" classname="App.Tests.UserTest" file="C:\Users\user\OneDrive\jhessy\IF2I\Projet de fin d'année\Projet AtypikHouse\AtypikHouse\Backend\tests\Entity\UserTest.php" line="177" assertions="1" time="0.000118"/>
      </testsuite>
    </testsuite>
  </testsuite>
</testsuites>
